

















Downloading data:   0%|          | 0/36 [00:00<?, ?files/s][A[A[A[A[A[A[A[A[A[A[A[A[A[A[A[A[A[A















Downloading data:   0%|          | 0/36 [00:00<?, ?files/s][A[A[A[A[A[A[A[A[A[A[A[A[A[A[A[A


















 ... (more hidden) ...[A[A[A[A[A[A[A[A[A[A[A[A[A[A[A[A[A[A[A










Downloading data:   0%|          | 0/36 [00:00<?, ?files/s][A[A[A[A[A[A[A[A[A[A[A







Downloading data:   0%|          | 0/36 [00:00<?, ?files/s][A[A[A[A[A[A[A[A











Downloading data:   0%|          | 0/36 [00:00<?, ?files/s][A[A[A[A[A[A[A[A[A[A[A[A






Downloading data:   0%|          | 0/36 [00:00<?, ?files/s][A[A[A[A[A[A[A





Downloading data:   0%|          | 0/36 [00:00<?, ?files/s][A[A[A[A[A[A









Downloading data:   0%|          | 0/36 [00:00<?, ?files/s][A[A[A[A[A[A[A[A[A[A








Downloading data:   0%|          | 0/36 [00:00<?, ?files/s][A[A[A[A[A[A[A[A[A



Downloading data:   0%|          | 0/36 [00:00<?, ?files/s][A[A[A[A












Downloading data:   0%|          | 0/36 [00:00<?, ?files/s][A[A[A[A[A[A[A[A[A[A[A[A[A
















Downloading data:   0%|          | 0/36 [00:00<?, ?files/s][A[A[A[A[A[A[A[A[A[A[A[A[A[A[A[A[A
Downloading data:   0%|          | 0/36 [00:00<?, ?files/s][A


Downloading data:   0%|          | 0/36 [00:00<?, ?files/s][A[A[A

Downloading data:   0%|          | 0/36 [00:00<?, ?files/s][A[A














Downloading data:   0%|          | 0/36 [00:00<?, ?files/s][A[A[A[A[A[A[A[A[A[A[A[A[A[A[A




Downloading data:   0%|          | 0/36 [00:00<?, ?files/s][A[A[A[A[A













Downloading data:   0%|          | 0/36 [00:00<?, ?files/s][A[A[A[A[A[A[A[A[A[A[A[A[A[A







Downloading data:   3%|â–Ž         | 1/36 [00:08<04:55,  8.45s/files][A[A[A[A[A[A[A[A


















 ... (more hidden) ...[A[A[A[A[A[A[A[A[A[A[A[A[A[A[A[A[A[A[A








Downloading data:   3%|â–Ž         | 1/36 [00:08<04:59,  8.57s/files][A[A[A[A[A[A[A[A[A





Downloading data:   3%|â–Ž         | 1/36 [00:08<05:08,  8.81s/files][A[A[A[A[A[A
Downloading data:   3%|â–Ž         | 1/36 [00:08<04:56,  8.46s/files][A











Downloading data:   3%|â–Ž         | 1/36 [00:09<05:25,  9.29s/files][A[A[A[A[A[A[A[A[A[A[A[A










Downloading data:   3%|â–Ž         | 1/36 [00:09<05:33,  9.52s/files][A[A[A[A[A[A[A[A[A[A[A

















Downloading data:   3%|â–Ž         | 1/36 [00:09<05:43,  9.82s/files][A[A[A[A[A[A[A[A[A[A[A[A[A[A[A[A[A[A
















Downloading data:   3%|â–Ž         | 1/36 [00:09<05:19,  9.14s/files][A[A[A[A[A[A[A[A[A[A[A[A[A[A[A[A[A












Downloading data:   3%|â–Ž         | 1/36 [00:09<05:29,  9.42s/files][A[A[A[A[A[A[A[A[A[A[A[A[A









Downloading data:   3%|â–Ž         | 1/36 [00:09<05:41,  9.77s/files][A[A[A[A[A[A[A[A[A[A















Downloading data:   3%|â–Ž         | 1/36 [00:10<06:10, 10.58s/files][A[A[A[A[A[A[A[A[A[A[A[A[A[A[A[A






Downloading data:   3%|â–Ž         | 1/36 [00:10<06:22, 10.92s/files][A[A[A[A[A[A[A


Downloading data:   3%|â–Ž         | 1/36 [00:09<05:45,  9.87s/files][A[A[A

Downloading data:   3%|â–Ž         | 1/36 [00:10<05:57, 10.22s/files][A[A



Downloading data:   3%|â–Ž         | 1/36 [00:11<06:31, 11.19s/files][A[A[A[A














Downloading data:   3%|â–Ž         | 1/36 [00:10<06:05, 10.45s/files][A[A[A[A[A[A[A[A[A[A[A[A[A[A[A













Downloading data:   3%|â–Ž         | 1/36 [00:11<06:27, 11.07s/files][A[A[A[A[A[A[A[A[A[A[A[A[A[A




Downloading data:   3%|â–Ž         | 1/36 [00:11<06:40, 11.44s/files][A[A[A[A[A


















 ... (more hidden) ...[A[A[A[A[A[A[A[A[A[A[A[A[A[A[A[A[A[A[A







Downloading data:   6%|â–Œ         | 2/36 [00:14<04:04,  7.19s/files][A[A[A[A[A[A[A[A








Downloading data:   6%|â–Œ         | 2/36 [00:14<04:05,  7.21s/files][A[A[A[A[A[A[A[A[A





Downloading data:   6%|â–Œ         | 2/36 [00:15<04:23,  7.76s/files][A[A[A[A[A[A
Downloading data:   6%|â–Œ         | 2/36 [00:15<04:24,  7.78s/files][A









Downloading data:   6%|â–Œ         | 2/36 [00:16<04:24,  7.79s/files][A[A[A[A[A[A[A[A[A[A











Downloading data:   6%|â–Œ         | 2/36 [00:16<04:31,  7.98s/files][A[A[A[A[A[A[A[A[A[A[A[A










Downloading data:   6%|â–Œ         | 2/36 [00:16<04:33,  8.05s/files][A[A[A[A[A[A[A[A[A[A[A
















Downloading data:   6%|â–Œ         | 2/36 [00:16<04:30,  7.97s/files][A[A[A[A[A[A[A[A[A[A[A[A[A[A[A[A[A












Downloading data:   6%|â–Œ         | 2/36 [00:16<04:40,  8.26s/files][A[A[A[A[A[A[A[A[A[A[A[A[A

















Downloading data:   6%|â–Œ         | 2/36 [00:17<04:54,  8.65s/files][A[A[A[A[A[A[A[A[A[A[A[A[A[A[A[A[A[A















Downloading data:   6%|â–Œ         | 2/36 [00:17<04:52,  8.61s/files][A[A[A[A[A[A[A[A[A[A[A[A[A[A[A[A


Downloading data:   6%|â–Œ         | 2/36 [00:16<04:38,  8.20s/files][A[A[A














Downloading data:   6%|â–Œ         | 2/36 [00:16<04:30,  7.96s/files][A[A[A[A[A[A[A[A[A[A[A[A[A[A[A

Downloading data:   6%|â–Œ         | 2/36 [00:17<04:41,  8.27s/files][A[A



Downloading data:   6%|â–Œ         | 2/36 [00:18<05:05,  8.98s/files][A[A[A[A






Downloading data:   6%|â–Œ         | 2/36 [00:18<05:11,  9.16s/files][A[A[A[A[A[A[A


















 ... (more hidden) ...[A[A[A[A[A[A[A[A[A[A[A[A[A[A[A[A[A[A[A













Downloading data:   6%|â–Œ         | 2/36 [00:18<05:04,  8.96s/files][A[A[A[A[A[A[A[A[A[A[A[A[A[A




Downloading data:   6%|â–Œ         | 2/36 [00:19<05:13,  9.22s/files][A[A[A[A[A







Downloading data:   8%|â–Š         | 3/36 [00:21<03:47,  6.90s/files][A[A[A[A[A[A[A[A








Downloading data:   8%|â–Š         | 3/36 [00:21<03:46,  6.85s/files][A[A[A[A[A[A[A[A[A









Downloading data:   8%|â–Š         | 3/36 [00:22<03:55,  7.12s/files][A[A[A[A[A[A[A[A[A[A





Downloading data:   8%|â–Š         | 3/36 [00:22<04:04,  7.40s/files][A[A[A[A[A[A











Downloading data:   8%|â–Š         | 3/36 [00:23<04:11,  7.62s/files][A[A[A[A[A[A[A[A[A[A[A[A
Downloading data:   8%|â–Š         | 3/36 [00:23<04:10,  7.58s/files][A










Downloading data:   8%|â–Š         | 3/36 [00:23<04:12,  7.65s/files][A[A[A[A[A[A[A[A[A[A[A
















Downloading data:   8%|â–Š         | 3/36 [00:23<04:07,  7.49s/files][A[A[A[A[A[A[A[A[A[A[A[A[A[A[A[A[A














Downloading data:   8%|â–Š         | 3/36 [00:23<04:02,  7.34s/files][A[A[A[A[A[A[A[A[A[A[A[A[A[A[A












Downloading data:   8%|â–Š         | 3/36 [00:24<04:22,  7.95s/files][A[A[A[A[A[A[A[A[A[A[A[A[A















Downloading data:   8%|â–Š         | 3/36 [00:25<04:24,  8.02s/files][A[A[A[A[A[A[A[A[A[A[A[A[A[A[A[A


Downloading data:   8%|â–Š         | 3/36 [00:23<04:11,  7.61s/files][A[A[A


















 ... (more hidden) ...[A[A[A[A[A[A[A[A[A[A[A[A[A[A[A[A[A[A[A

Downloading data:   8%|â–Š         | 3/36 [00:23<04:09,  7.57s/files][A[A

















Downloading data:   8%|â–Š         | 3/36 [00:25<04:37,  8.40s/files][A[A[A[A[A[A[A[A[A[A[A[A[A[A[A[A[A[A



Downloading data:   8%|â–Š         | 3/36 [00:26<04:36,  8.37s/files][A[A[A[A






Downloading data:   8%|â–Š         | 3/36 [00:26<04:42,  8.55s/files][A[A[A[A[A[A[A













Downloading data:   8%|â–Š         | 3/36 [00:25<04:29,  8.18s/files][A[A[A[A[A[A[A[A[A[A[A[A[A[A







Downloading data:  11%|â–ˆ         | 4/36 [00:27<03:36,  6.76s/files][A[A[A[A[A[A[A[A








Downloading data:  11%|â–ˆ         | 4/36 [00:27<03:32,  6.66s/files][A[A[A[A[A[A[A[A[A




Downloading data:   8%|â–Š         | 3/36 [00:26<04:38,  8.44s/files][A[A[A[A[A









Downloading data:  11%|â–ˆ         | 4/36 [00:28<03:38,  6.81s/files][A[A[A[A[A[A[A[A[A[A





Downloading data:  11%|â–ˆ         | 4/36 [00:29<03:51,  7.23s/files][A[A[A[A[A[A
Downloading data:  11%|â–ˆ         | 4/36 [00:29<03:47,  7.10s/files][A


















 ... (more hidden) ...[A[A[A[A[A[A[A[A[A[A[A[A[A[A[A[A[A[A[A










Downloading data:  11%|â–ˆ         | 4/36 [00:30<03:55,  7.35s/files][A[A[A[A[A[A[A[A[A[A[A
















Downloading data:  11%|â–ˆ         | 4/36 [00:30<03:53,  7.30s/files][A[A[A[A[A[A[A[A[A[A[A[A[A[A[A[A[A














Downloading data:  11%|â–ˆ         | 4/36 [00:30<03:49,  7.16s/files][A[A[A[A[A[A[A[A[A[A[A[A[A[A[A











Downloading data:  11%|â–ˆ         | 4/36 [00:31<04:11,  7.86s/files][A[A[A[A[A[A[A[A[A[A[A[A


Downloading data:  11%|â–ˆ         | 4/36 [00:30<03:57,  7.41s/files][A[A[A

Downloading data:  11%|â–ˆ         | 4/36 [00:30<03:56,  7.39s/files][A[A












Downloading data:  11%|â–ˆ         | 4/36 [00:31<04:09,  7.78s/files][A[A[A[A[A[A[A[A[A[A[A[A[A















Downloading data:  11%|â–ˆ         | 4/36 [00:33<04:16,  8.03s/files][A[A[A[A[A[A[A[A[A[A[A[A[A[A[A[A

















Downloading data:  11%|â–ˆ         | 4/36 [00:33<04:24,  8.27s/files][A[A[A[A[A[A[A[A[A[A[A[A[A[A[A[A[A[A



Downloading data:  11%|â–ˆ         | 4/36 [00:33<04:16,  8.01s/files][A[A[A[A







Downloading data:  14%|â–ˆâ–        | 5/36 [00:34<03:26,  6.65s/files][A[A[A[A[A[A[A[A








Downloading data:  14%|â–ˆâ–        | 5/36 [00:34<03:25,  6.61s/files][A[A[A[A[A[A[A[A[A






Downloading data:  11%|â–ˆ         | 4/36 [00:34<04:24,  8.27s/files][A[A[A[A[A[A[A













Downloading data:  11%|â–ˆ         | 4/36 [00:33<04:10,  7.82s/files][A[A[A[A[A[A[A[A[A[A[A[A[A[A




Downloading data:  11%|â–ˆ         | 4/36 [00:34<04:16,  8.03s/files][A[A[A[A[A









Downloading data:  14%|â–ˆâ–        | 5/36 [00:35<03:27,  6.70s/files][A[A[A[A[A[A[A[A[A[A


















 ... (more hidden) ...[A[A[A[A[A[A[A[A[A[A[A[A[A[A[A[A[A[A[A
Downloading data:  14%|â–ˆâ–        | 5/36 [00:35<03:32,  6.85s/files][A





Downloading data:  14%|â–ˆâ–        | 5/36 [00:36<03:43,  7.22s/files][A[A[A[A[A[A
















Downloading data:  14%|â–ˆâ–        | 5/36 [00:37<03:42,  7.19s/files][A[A[A[A[A[A[A[A[A[A[A[A[A[A[A[A[A










Downloading data:  14%|â–ˆâ–        | 5/36 [00:37<03:46,  7.30s/files][A[A[A[A[A[A[A[A[A[A[A














Downloading data:  14%|â–ˆâ–        | 5/36 [00:36<03:33,  6.90s/files][A[A[A[A[A[A[A[A[A[A[A[A[A[A[A


Downloading data:  14%|â–ˆâ–        | 5/36 [00:37<03:44,  7.24s/files][A[A[A

Downloading data:  14%|â–ˆâ–        | 5/36 [00:37<03:43,  7.21s/files][A[A











Downloading data:  14%|â–ˆâ–        | 5/36 [00:39<04:05,  7.91s/files][A[A[A[A[A[A[A[A[A[A[A[A












Downloading data:  14%|â–ˆâ–        | 5/36 [00:39<03:58,  7.70s/files][A[A[A[A[A[A[A[A[A[A[A[A[A















Downloading data:  14%|â–ˆâ–        | 5/36 [00:40<04:03,  7.84s/files][A[A[A[A[A[A[A[A[A[A[A[A[A[A[A[A







Downloading data:  17%|â–ˆâ–‹        | 6/36 [00:40<03:18,  6.63s/files][A[A[A[A[A[A[A[A


















 ... (more hidden) ...[A[A[A[A[A[A[A[A[A[A[A[A[A[A[A[A[A[A[A








Downloading data:  17%|â–ˆâ–‹        | 6/36 [00:41<03:25,  6.85s/files][A[A[A[A[A[A[A[A[A



Downloading data:  14%|â–ˆâ–        | 5/36 [00:41<04:05,  7.91s/files][A[A[A[A

















Downloading data:  14%|â–ˆâ–        | 5/36 [00:42<04:20,  8.40s/files][A[A[A[A[A[A[A[A[A[A[A[A[A[A[A[A[A[A













Downloading data:  14%|â–ˆâ–        | 5/36 [00:40<03:59,  7.71s/files][A[A[A[A[A[A[A[A[A[A[A[A[A[A




Downloading data:  14%|â–ˆâ–        | 5/36 [00:40<03:56,  7.62s/files][A[A[A[A[A









Downloading data:  17%|â–ˆâ–‹        | 6/36 [00:42<03:24,  6.81s/files][A[A[A[A[A[A[A[A[A[A
Downloading data:  17%|â–ˆâ–‹        | 6/36 [00:42<03:24,  6.80s/files][A






Downloading data:  14%|â–ˆâ–        | 5/36 [00:43<04:21,  8.43s/files][A[A[A[A[A[A[A





Downloading data:  17%|â–ˆâ–‹        | 6/36 [00:44<03:36,  7.23s/files][A[A[A[A[A[A
















Downloading data:  17%|â–ˆâ–‹        | 6/36 [00:44<03:35,  7.19s/files][A[A[A[A[A[A[A[A[A[A[A[A[A[A[A[A[A










Downloading data:  17%|â–ˆâ–‹        | 6/36 [00:45<03:38,  7.27s/files][A[A[A[A[A[A[A[A[A[A[A














Downloading data:  17%|â–ˆâ–‹        | 6/36 [00:43<03:31,  7.04s/files][A[A[A[A[A[A[A[A[A[A[A[A[A[A[A

Downloading data:  17%|â–ˆâ–‹        | 6/36 [00:44<03:34,  7.16s/files][A[A


Downloading data:  17%|â–ˆâ–‹        | 6/36 [00:45<03:41,  7.37s/files][A[A[A


















 ... (more hidden) ...[A[A[A[A[A[A[A[A[A[A[A[A[A[A[A[A[A[A[A











Downloading data:  17%|â–ˆâ–‹        | 6/36 [00:47<03:55,  7.84s/files][A[A[A[A[A[A[A[A[A[A[A[A







Downloading data:  19%|â–ˆâ–‰        | 7/36 [00:47<03:14,  6.70s/files][A[A[A[A[A[A[A[A












Downloading data:  17%|â–ˆâ–‹        | 6/36 [00:47<03:52,  7.75s/files][A[A[A[A[A[A[A[A[A[A[A[A[A















Downloading data:  17%|â–ˆâ–‹        | 6/36 [00:48<03:54,  7.81s/files][A[A[A[A[A[A[A[A[A[A[A[A[A[A[A[A








Downloading data:  19%|â–ˆâ–‰        | 7/36 [00:48<03:15,  6.76s/files][A[A[A[A[A[A[A[A[A









Downloading data:  19%|â–ˆâ–‰        | 7/36 [00:48<03:14,  6.71s/files][A[A[A[A[A[A[A[A[A[A
Downloading data:  19%|â–ˆâ–‰        | 7/36 [00:48<03:12,  6.65s/files][A




Downloading data:  17%|â–ˆâ–‹        | 6/36 [00:48<03:43,  7.46s/files][A[A[A[A[A



Downloading data:  17%|â–ˆâ–‹        | 6/36 [00:49<03:57,  7.91s/files][A[A[A[A













Downloading data:  17%|â–ˆâ–‹        | 6/36 [00:48<03:49,  7.65s/files][A[A[A[A[A[A[A[A[A[A[A[A[A[A

















Downloading data:  17%|â–ˆâ–‹        | 6/36 [00:51<04:14,  8.48s/files][A[A[A[A[A[A[A[A[A[A[A[A[A[A[A[A[A[A
















Downloading data:  19%|â–ˆâ–‰        | 7/36 [00:51<03:27,  7.16s/files][A[A[A[A[A[A[A[A[A[A[A[A[A[A[A[A[A





Downloading data:  19%|â–ˆâ–‰        | 7/36 [00:52<03:36,  7.45s/files][A[A[A[A[A[A










Downloading data:  19%|â–ˆâ–‰        | 7/36 [00:52<03:34,  7.40s/files][A[A[A[A[A[A[A[A[A[A[A






Downloading data:  17%|â–ˆâ–‹        | 6/36 [00:52<04:22,  8.75s/files][A[A[A[A[A[A[A


















 ... (more hidden) ...[A[A[A[A[A[A[A[A[A[A[A[A[A[A[A[A[A[A[A














Downloading data:  19%|â–ˆâ–‰        | 7/36 [00:52<03:34,  7.41s/files][A[A[A[A[A[A[A[A[A[A[A[A[A[A[A

Downloading data:  19%|â–ˆâ–‰        | 7/36 [00:52<03:32,  7.33s/files][A[A


Downloading data:  19%|â–ˆâ–‰        | 7/36 [00:52<03:34,  7.38s/files][A[A[A







Downloading data:  22%|â–ˆâ–ˆâ–       | 8/36 [00:54<03:11,  6.83s/files][A[A[A[A[A[A[A[A











Downloading data:  19%|â–ˆâ–‰        | 7/36 [00:55<03:44,  7.75s/files][A[A[A[A[A[A[A[A[A[A[A[A















Downloading data:  19%|â–ˆâ–‰        | 7/36 [00:55<03:42,  7.67s/files][A[A[A[A[A[A[A[A[A[A[A[A[A[A[A[A












Downloading data:  19%|â–ˆâ–‰        | 7/36 [00:55<03:45,  7.76s/files][A[A[A[A[A[A[A[A[A[A[A[A[A









Downloading data:  22%|â–ˆâ–ˆâ–       | 8/36 [00:55<03:06,  6.67s/files][A[A[A[A[A[A[A[A[A[A
Downloading data:  22%|â–ˆâ–ˆâ–       | 8/36 [00:55<03:04,  6.60s/files][A








Downloading data:  22%|â–ˆâ–ˆâ–       | 8/36 [00:55<03:18,  7.08s/files][A[A[A[A[A[A[A[A[A




Downloading data:  19%|â–ˆâ–‰        | 7/36 [00:55<03:36,  7.45s/files][A[A[A[A[A













Downloading data:  19%|â–ˆâ–‰        | 7/36 [00:55<03:40,  7.61s/files][A[A[A[A[A[A[A[A[A[A[A[A[A[A



Downloading data:  19%|â–ˆâ–‰        | 7/36 [00:57<03:48,  7.88s/files][A[A[A[A


















 ... (more hidden) ...[A[A[A[A[A[A[A[A[A[A[A[A[A[A[A[A[A[A[A

















Downloading data:  19%|â–ˆâ–‰        | 7/36 [00:59<04:04,  8.43s/files][A[A[A[A[A[A[A[A[A[A[A[A[A[A[A[A[A[A
















Downloading data:  22%|â–ˆâ–ˆâ–       | 8/36 [00:59<03:25,  7.34s/files][A[A[A[A[A[A[A[A[A[A[A[A[A[A[A[A[A





Downloading data:  22%|â–ˆâ–ˆâ–       | 8/36 [00:59<03:29,  7.48s/files][A[A[A[A[A[A










Downloading data:  22%|â–ˆâ–ˆâ–       | 8/36 [01:00<03:27,  7.39s/files][A[A[A[A[A[A[A[A[A[A[A






Downloading data:  19%|â–ˆâ–‰        | 7/36 [01:00<04:09,  8.62s/files][A[A[A[A[A[A[A

Downloading data:  22%|â–ˆâ–ˆâ–       | 8/36 [00:59<03:24,  7.30s/files][A[A














Downloading data:  22%|â–ˆâ–ˆâ–       | 8/36 [00:59<03:29,  7.49s/files][A[A[A[A[A[A[A[A[A[A[A[A[A[A[A


Downloading data:  22%|â–ˆâ–ˆâ–       | 8/36 [01:00<03:27,  7.42s/files][A[A[A







Downloading data:  25%|â–ˆâ–ˆâ–Œ       | 9/36 [01:01<03:06,  6.91s/files][A[A[A[A[A[A[A[A









Downloading data:  25%|â–ˆâ–ˆâ–Œ       | 9/36 [01:02<02:59,  6.67s/files][A[A[A[A[A[A[A[A[A[A











Downloading data:  22%|â–ˆâ–ˆâ–       | 8/36 [01:02<03:33,  7.63s/files][A[A[A[A[A[A[A[A[A[A[A[A















Downloading data:  22%|â–ˆâ–ˆâ–       | 8/36 [01:03<03:31,  7.54s/files][A[A[A[A[A[A[A[A[A[A[A[A[A[A[A[A
Downloading data:  25%|â–ˆâ–ˆâ–Œ       | 9/36 [01:02<03:02,  6.78s/files][A








Downloading data:  25%|â–ˆâ–ˆâ–Œ       | 9/36 [01:02<03:12,  7.12s/files][A[A[A[A[A[A[A[A[A












Downloading data:  22%|â–ˆâ–ˆâ–       | 8/36 [01:03<03:41,  7.91s/files][A[A[A[A[A[A[A[A[A[A[A[A[A




Downloading data:  22%|â–ˆâ–ˆâ–       | 8/36 [01:02<03:28,  7.45s/files][A[A[A[A[A


















 ... (more hidden) ...[A[A[A[A[A[A[A[A[A[A[A[A[A[A[A[A[A[A[A



Downloading data:  22%|â–ˆâ–ˆâ–       | 8/36 [01:04<03:36,  7.73s/files][A[A[A[A













Downloading data:  22%|â–ˆâ–ˆâ–       | 8/36 [01:03<03:36,  7.74s/files][A[A[A[A[A[A[A[A[A[A[A[A[A[A










Downloading data:  25%|â–ˆâ–ˆâ–Œ       | 9/36 [01:07<03:18,  7.33s/files][A[A[A[A[A[A[A[A[A[A[A
















Downloading data:  25%|â–ˆâ–ˆâ–Œ       | 9/36 [01:07<03:22,  7.48s/files][A[A[A[A[A[A[A[A[A[A[A[A[A[A[A[A[A





Downloading data:  25%|â–ˆâ–ˆâ–Œ       | 9/36 [01:07<03:24,  7.58s/files][A[A[A[A[A[A

















Downloading data:  22%|â–ˆâ–ˆâ–       | 8/36 [01:07<03:56,  8.45s/files][A[A[A[A[A[A[A[A[A[A[A[A[A[A[A[A[A[A

Downloading data:  25%|â–ˆâ–ˆâ–Œ       | 9/36 [01:07<03:17,  7.32s/files][A[A







Downloading data:  28%|â–ˆâ–ˆâ–Š       | 10/36 [01:08<02:59,  6.91s/files][A[A[A[A[A[A[A[A









Downloading data:  28%|â–ˆâ–ˆâ–Š       | 10/36 [01:08<02:52,  6.63s/files][A[A[A[A[A[A[A[A[A[A














Downloading data:  25%|â–ˆâ–ˆâ–Œ       | 9/36 [01:07<03:25,  7.60s/files][A[A[A[A[A[A[A[A[A[A[A[A[A[A[A






Downloading data:  22%|â–ˆâ–ˆâ–       | 8/36 [01:09<03:58,  8.50s/files][A[A[A[A[A[A[A


Downloading data:  25%|â–ˆâ–ˆâ–Œ       | 9/36 [01:08<03:23,  7.53s/files][A[A[A








Downloading data:  28%|â–ˆâ–ˆâ–Š       | 10/36 [01:09<03:00,  6.94s/files][A[A[A[A[A[A[A[A[A















Downloading data:  25%|â–ˆâ–ˆâ–Œ       | 9/36 [01:10<03:21,  7.45s/files][A[A[A[A[A[A[A[A[A[A[A[A[A[A[A[A











Downloading data:  25%|â–ˆâ–ˆâ–Œ       | 9/36 [01:10<03:27,  7.70s/files][A[A[A[A[A[A[A[A[A[A[A[A
Downloading data:  28%|â–ˆâ–ˆâ–Š       | 10/36 [01:09<02:59,  6.92s/files][A


















 ... (more hidden) ...[A[A[A[A[A[A[A[A[A[A[A[A[A[A[A[A[A[A[A




Downloading data:  25%|â–ˆâ–ˆâ–Œ       | 9/36 [01:10<03:19,  7.41s/files][A[A[A[A[A












Downloading data:  25%|â–ˆâ–ˆâ–Œ       | 9/36 [01:11<03:33,  7.89s/files][A[A[A[A[A[A[A[A[A[A[A[A[A



Downloading data:  25%|â–ˆâ–ˆâ–Œ       | 9/36 [01:12<03:30,  7.81s/files][A[A[A[A













Downloading data:  25%|â–ˆâ–ˆâ–Œ       | 9/36 [01:11<03:27,  7.70s/files][A[A[A[A[A[A[A[A[A[A[A[A[A[A










Downloading data:  28%|â–ˆâ–ˆâ–Š       | 10/36 [01:14<03:09,  7.27s/files][A[A[A[A[A[A[A[A[A[A[A
















Downloading data:  28%|â–ˆâ–ˆâ–Š       | 10/36 [01:14<03:11,  7.36s/files][A[A[A[A[A[A[A[A[A[A[A[A[A[A[A[A[A







Downloading data:  31%|â–ˆâ–ˆâ–ˆ       | 11/36 [01:15<02:47,  6.69s/files][A[A[A[A[A[A[A[A





Downloading data:  28%|â–ˆâ–ˆâ–Š       | 10/36 [01:15<03:17,  7.58s/files][A[A[A[A[A[A









Downloading data:  31%|â–ˆâ–ˆâ–ˆ       | 11/36 [01:15<02:46,  6.67s/files][A[A[A[A[A[A[A[A[A[A

Downloading data:  28%|â–ˆâ–ˆâ–Š       | 10/36 [01:14<03:10,  7.34s/files][A[A

















Downloading data:  25%|â–ˆâ–ˆâ–Œ       | 9/36 [01:16<03:50,  8.55s/files][A[A[A[A[A[A[A[A[A[A[A[A[A[A[A[A[A[A


















 ... (more hidden) ...[A[A[A[A[A[A[A[A[A[A[A[A[A[A[A[A[A[A[A


Downloading data:  28%|â–ˆâ–ˆâ–Š       | 10/36 [01:15<03:13,  7.44s/files][A[A[A








Downloading data:  31%|â–ˆâ–ˆâ–ˆ       | 11/36 [01:16<02:54,  7.00s/files][A[A[A[A[A[A[A[A[A














Downloading data:  28%|â–ˆâ–ˆâ–Š       | 10/36 [01:15<03:21,  7.73s/files][A[A[A[A[A[A[A[A[A[A[A[A[A[A[A















Downloading data:  28%|â–ˆâ–ˆâ–Š       | 10/36 [01:17<03:12,  7.39s/files][A[A[A[A[A[A[A[A[A[A[A[A[A[A[A[A






Downloading data:  25%|â–ˆâ–ˆâ–Œ       | 9/36 [01:17<03:48,  8.46s/files][A[A[A[A[A[A[A











Downloading data:  28%|â–ˆâ–ˆâ–Š       | 10/36 [01:19<03:28,  8.02s/files][A[A[A[A[A[A[A[A[A[A[A[A
Downloading data:  31%|â–ˆâ–ˆâ–ˆ       | 11/36 [01:18<03:07,  7.48s/files][A




Downloading data:  28%|â–ˆâ–ˆâ–Š       | 10/36 [01:17<03:12,  7.41s/files][A[A[A[A[A












Downloading data:  28%|â–ˆâ–ˆâ–Š       | 10/36 [01:19<03:24,  7.86s/files][A[A[A[A[A[A[A[A[A[A[A[A[A







Downloading data:  33%|â–ˆâ–ˆâ–ˆâ–Ž      | 12/36 [01:21<02:42,  6.77s/files][A[A[A[A[A[A[A[A



Downloading data:  28%|â–ˆâ–ˆâ–Š       | 10/36 [01:21<03:35,  8.28s/files][A[A[A[A





Downloading data:  31%|â–ˆâ–ˆâ–ˆ       | 11/36 [01:22<03:06,  7.48s/files][A[A[A[A[A[A










Downloading data:  31%|â–ˆâ–ˆâ–ˆ       | 11/36 [01:22<03:09,  7.60s/files][A[A[A[A[A[A[A[A[A[A[A


















 ... (more hidden) ...[A[A[A[A[A[A[A[A[A[A[A[A[A[A[A[A[A[A[A









Downloading data:  33%|â–ˆâ–ˆâ–ˆâ–Ž      | 12/36 [01:22<02:43,  6.82s/files][A[A[A[A[A[A[A[A[A[A

Downloading data:  31%|â–ˆâ–ˆâ–ˆ       | 11/36 [01:21<03:03,  7.33s/files][A[A








Downloading data:  33%|â–ˆâ–ˆâ–ˆâ–Ž      | 12/36 [01:23<02:44,  6.87s/files][A[A[A[A[A[A[A[A[A


Downloading data:  31%|â–ˆâ–ˆâ–ˆ       | 11/36 [01:22<03:05,  7.41s/files][A[A[A















Downloading data:  31%|â–ˆâ–ˆâ–ˆ       | 11/36 [01:24<03:02,  7.29s/files][A[A[A[A[A[A[A[A[A[A[A[A[A[A[A[A













Downloading data:  28%|â–ˆâ–ˆâ–Š       | 10/36 [01:22<03:52,  8.93s/files][A[A[A[A[A[A[A[A[A[A[A[A[A[A














Downloading data:  31%|â–ˆâ–ˆâ–ˆ       | 11/36 [01:23<03:12,  7.69s/files][A[A[A[A[A[A[A[A[A[A[A[A[A[A[A

















Downloading data:  28%|â–ˆâ–ˆâ–Š       | 10/36 [01:24<03:40,  8.47s/files][A[A[A[A[A[A[A[A[A[A[A[A[A[A[A[A[A[A
















Downloading data:  31%|â–ˆâ–ˆâ–ˆ       | 11/36 [01:24<03:26,  8.27s/files][A[A[A[A[A[A[A[A[A[A[A[A[A[A[A[A[A
Downloading data:  33%|â–ˆâ–ˆâ–ˆâ–Ž      | 12/36 [01:25<02:55,  7.33s/files][A






Downloading data:  28%|â–ˆâ–ˆâ–Š       | 10/36 [01:26<03:40,  8.50s/files][A[A[A[A[A[A[A




Downloading data:  31%|â–ˆâ–ˆâ–ˆ       | 11/36 [01:25<03:04,  7.40s/files][A[A[A[A[A











Downloading data:  31%|â–ˆâ–ˆâ–ˆ       | 11/36 [01:26<03:17,  7.90s/files][A[A[A[A[A[A[A[A[A[A[A[A












Downloading data:  31%|â–ˆâ–ˆâ–ˆ       | 11/36 [01:27<03:17,  7.90s/files][A[A[A[A[A[A[A[A[A[A[A[A[A







Downloading data:  36%|â–ˆâ–ˆâ–ˆâ–Œ      | 13/36 [01:28<02:33,  6.66s/files][A[A[A[A[A[A[A[A


















 ... (more hidden) ...[A[A[A[A[A[A[A[A[A[A[A[A[A[A[A[A[A[A[A









Downloading data:  36%|â–ˆâ–ˆâ–ˆâ–Œ      | 13/36 [01:29<02:36,  6.79s/files][A[A[A[A[A[A[A[A[A[A





Downloading data:  33%|â–ˆâ–ˆâ–ˆâ–Ž      | 12/36 [01:29<02:57,  7.39s/files][A[A[A[A[A[A

Downloading data:  33%|â–ˆâ–ˆâ–ˆâ–Ž      | 12/36 [01:28<02:53,  7.22s/files][A[A










Downloading data:  33%|â–ˆâ–ˆâ–ˆâ–Ž      | 12/36 [01:30<03:00,  7.53s/files][A[A[A[A[A[A[A[A[A[A[A



Downloading data:  31%|â–ˆâ–ˆâ–ˆ       | 11/36 [01:29<03:24,  8.20s/files][A[A[A[A








Downloading data:  36%|â–ˆâ–ˆâ–ˆâ–Œ      | 13/36 [01:30<02:40,  6.97s/files][A[A[A[A[A[A[A[A[A


Downloading data:  33%|â–ˆâ–ˆâ–ˆâ–Ž      | 12/36 [01:29<02:56,  7.36s/files][A[A[A















Downloading data:  33%|â–ˆâ–ˆâ–ˆâ–Ž      | 12/36 [01:31<02:54,  7.26s/files][A[A[A[A[A[A[A[A[A[A[A[A[A[A[A[A
















Downloading data:  33%|â–ˆâ–ˆâ–ˆâ–Ž      | 12/36 [01:31<03:12,  8.04s/files][A[A[A[A[A[A[A[A[A[A[A[A[A[A[A[A[A













Downloading data:  31%|â–ˆâ–ˆâ–ˆ       | 11/36 [01:31<03:36,  8.68s/files][A[A[A[A[A[A[A[A[A[A[A[A[A[A
Downloading data:  36%|â–ˆâ–ˆâ–ˆâ–Œ      | 13/36 [01:32<02:44,  7.16s/files][A

















Downloading data:  31%|â–ˆâ–ˆâ–ˆ       | 11/36 [01:33<03:31,  8.46s/files][A[A[A[A[A[A[A[A[A[A[A[A[A[A[A[A[A[A











Downloading data:  33%|â–ˆâ–ˆâ–ˆâ–Ž      | 12/36 [01:34<03:06,  7.78s/files][A[A[A[A[A[A[A[A[A[A[A[A




Downloading data:  33%|â–ˆâ–ˆâ–ˆâ–Ž      | 12/36 [01:32<02:59,  7.49s/files][A[A[A[A[A


















 ... (more hidden) ...[A[A[A[A[A[A[A[A[A[A[A[A[A[A[A[A[A[A[A







Downloading data:  39%|â–ˆâ–ˆâ–ˆâ–‰      | 14/36 [01:34<02:24,  6.57s/files][A[A[A[A[A[A[A[A












Downloading data:  33%|â–ˆâ–ˆâ–ˆâ–Ž      | 12/36 [01:34<03:07,  7.80s/files][A[A[A[A[A[A[A[A[A[A[A[A[A






Downloading data:  31%|â–ˆâ–ˆâ–ˆ       | 11/36 [01:35<03:35,  8.64s/files][A[A[A[A[A[A[A














Downloading data:  33%|â–ˆâ–ˆâ–ˆâ–Ž      | 12/36 [01:33<03:25,  8.58s/files][A[A[A[A[A[A[A[A[A[A[A[A[A[A[A









Downloading data:  39%|â–ˆâ–ˆâ–ˆâ–‰      | 14/36 [01:36<02:29,  6.80s/files][A[A[A[A[A[A[A[A[A[A





Downloading data:  36%|â–ˆâ–ˆâ–ˆâ–Œ      | 13/36 [01:36<02:48,  7.31s/files][A[A[A[A[A[A










Downloading data:  36%|â–ˆâ–ˆâ–ˆâ–Œ      | 13/36 [01:37<02:50,  7.43s/files][A[A[A[A[A[A[A[A[A[A[A








Downloading data:  39%|â–ˆâ–ˆâ–ˆâ–‰      | 14/36 [01:37<02:31,  6.90s/files][A[A[A[A[A[A[A[A[A

Downloading data:  36%|â–ˆâ–ˆâ–ˆâ–Œ      | 13/36 [01:36<02:50,  7.40s/files][A[A



Downloading data:  33%|â–ˆâ–ˆâ–ˆâ–Ž      | 12/36 [01:37<03:14,  8.11s/files][A[A[A[A


Downloading data:  36%|â–ˆâ–ˆâ–ˆâ–Œ      | 13/36 [01:37<02:48,  7.34s/files][A[A[A















Downloading data:  36%|â–ˆâ–ˆâ–ˆâ–Œ      | 13/36 [01:38<02:45,  7.20s/files][A[A[A[A[A[A[A[A[A[A[A[A[A[A[A[A
Downloading data:  39%|â–ˆâ–ˆâ–ˆâ–‰      | 14/36 [01:38<02:30,  6.83s/files][A
















Downloading data:  36%|â–ˆâ–ˆâ–ˆâ–Œ      | 13/36 [01:39<02:58,  7.76s/files][A[A[A[A[A[A[A[A[A[A[A[A[A[A[A[A[A


















 ... (more hidden) ...[A[A[A[A[A[A[A[A[A[A[A[A[A[A[A[A[A[A[A







Downloading data:  42%|â–ˆâ–ˆâ–ˆâ–ˆâ–     | 15/36 [01:41<02:20,  6.68s/files][A[A[A[A[A[A[A[A













Downloading data:  33%|â–ˆâ–ˆâ–ˆâ–Ž      | 12/36 [01:39<03:29,  8.74s/files][A[A[A[A[A[A[A[A[A[A[A[A[A[A




Downloading data:  36%|â–ˆâ–ˆâ–ˆâ–Œ      | 13/36 [01:40<02:52,  7.48s/files][A[A[A[A[A

















Downloading data:  33%|â–ˆâ–ˆâ–ˆâ–Ž      | 12/36 [01:41<03:23,  8.47s/files][A[A[A[A[A[A[A[A[A[A[A[A[A[A[A[A[A[A











Downloading data:  36%|â–ˆâ–ˆâ–ˆâ–Œ      | 13/36 [01:41<02:57,  7.71s/files][A[A[A[A[A[A[A[A[A[A[A[A












Downloading data:  36%|â–ˆâ–ˆâ–ˆâ–Œ      | 13/36 [01:42<02:58,  7.75s/files][A[A[A[A[A[A[A[A[A[A[A[A[A














Downloading data:  36%|â–ˆâ–ˆâ–ˆâ–Œ      | 13/36 [01:41<03:12,  8.36s/files][A[A[A[A[A[A[A[A[A[A[A[A[A[A[A









Downloading data:  42%|â–ˆâ–ˆâ–ˆâ–ˆâ–     | 15/36 [01:43<02:23,  6.85s/files][A[A[A[A[A[A[A[A[A[A






Downloading data:  33%|â–ˆâ–ˆâ–ˆâ–Ž      | 12/36 [01:43<03:24,  8.52s/files][A[A[A[A[A[A[A





Downloading data:  39%|â–ˆâ–ˆâ–ˆâ–‰      | 14/36 [01:44<02:42,  7.38s/files][A[A[A[A[A[A








Downloading data:  42%|â–ˆâ–ˆâ–ˆâ–ˆâ–     | 15/36 [01:44<02:26,  6.98s/files][A[A[A[A[A[A[A[A[A










Downloading data:  39%|â–ˆâ–ˆâ–ˆâ–‰      | 14/36 [01:44<02:43,  7.41s/files][A[A[A[A[A[A[A[A[A[A[A
Downloading data:  42%|â–ˆâ–ˆâ–ˆâ–ˆâ–     | 15/36 [01:44<02:19,  6.66s/files][A

Downloading data:  39%|â–ˆâ–ˆâ–ˆâ–‰      | 14/36 [01:44<02:43,  7.42s/files][A[A



Downloading data:  36%|â–ˆâ–ˆâ–ˆâ–Œ      | 13/36 [01:45<03:03,  8.00s/files][A[A[A[A


















 ... (more hidden) ...[A[A[A[A[A[A[A[A[A[A[A[A[A[A[A[A[A[A[A















Downloading data:  39%|â–ˆâ–ˆâ–ˆâ–‰      | 14/36 [01:46<02:41,  7.32s/files][A[A[A[A[A[A[A[A[A[A[A[A[A[A[A[A







Downloading data:  44%|â–ˆâ–ˆâ–ˆâ–ˆâ–     | 16/36 [01:48<02:13,  6.67s/files][A[A[A[A[A[A[A[A











Downloading data:  39%|â–ˆâ–ˆâ–ˆâ–‰      | 14/36 [01:49<02:48,  7.65s/files][A[A[A[A[A[A[A[A[A[A[A[A













Downloading data:  36%|â–ˆâ–ˆâ–ˆâ–Œ      | 13/36 [01:47<03:13,  8.41s/files][A[A[A[A[A[A[A[A[A[A[A[A[A[A

















Downloading data:  36%|â–ˆâ–ˆâ–ˆâ–Œ      | 13/36 [01:50<03:15,  8.49s/files][A[A[A[A[A[A[A[A[A[A[A[A[A[A[A[A[A[A












Downloading data:  39%|â–ˆâ–ˆâ–ˆâ–‰      | 14/36 [01:50<02:50,  7.77s/files][A[A[A[A[A[A[A[A[A[A[A[A[A
















Downloading data:  39%|â–ˆâ–ˆâ–ˆâ–‰      | 14/36 [01:50<03:12,  8.74s/files][A[A[A[A[A[A[A[A[A[A[A[A[A[A[A[A[A









Downloading data:  44%|â–ˆâ–ˆâ–ˆâ–ˆâ–     | 16/36 [01:50<02:20,  7.02s/files][A[A[A[A[A[A[A[A[A[A














Downloading data:  39%|â–ˆâ–ˆâ–ˆâ–‰      | 14/36 [01:49<02:59,  8.17s/files][A[A[A[A[A[A[A[A[A[A[A[A[A[A[A








Downloading data:  44%|â–ˆâ–ˆâ–ˆâ–ˆâ–     | 16/36 [01:50<02:17,  6.86s/files][A[A[A[A[A[A[A[A[A





Downloading data:  42%|â–ˆâ–ˆâ–ˆâ–ˆâ–     | 15/36 [01:51<02:35,  7.39s/files][A[A[A[A[A[A






Downloading data:  36%|â–ˆâ–ˆâ–ˆâ–Œ      | 13/36 [01:51<03:14,  8.45s/files][A[A[A[A[A[A[A










Downloading data:  42%|â–ˆâ–ˆâ–ˆâ–ˆâ–     | 15/36 [01:52<02:36,  7.45s/files][A[A[A[A[A[A[A[A[A[A[A


















 ... (more hidden) ...[A[A[A[A[A[A[A[A[A[A[A[A[A[A[A[A[A[A[A




Downloading data:  39%|â–ˆâ–ˆâ–ˆâ–‰      | 14/36 [01:50<03:05,  8.45s/files][A[A[A[A[A

Downloading data:  42%|â–ˆâ–ˆâ–ˆâ–ˆâ–     | 15/36 [01:51<02:33,  7.31s/files][A[A















Downloading data:  42%|â–ˆâ–ˆâ–ˆâ–ˆâ–     | 15/36 [01:53<02:33,  7.29s/files][A[A[A[A[A[A[A[A[A[A[A[A[A[A[A[A



Downloading data:  39%|â–ˆâ–ˆâ–ˆâ–‰      | 14/36 [01:53<02:56,  8.02s/files][A[A[A[A


Downloading data:  39%|â–ˆâ–ˆâ–ˆâ–‰      | 14/36 [01:53<03:39, 10.00s/files][A[A[A







Downloading data:  47%|â–ˆâ–ˆâ–ˆâ–ˆâ–‹     | 17/36 [01:54<02:05,  6.61s/files][A[A[A[A[A[A[A[ADownloading data:  42%|â–ˆâ–ˆâ–ˆâ–ˆâ–     | 15/36 [01:54<02:40,  7.64s/files]














Downloading data:  39%|â–ˆâ–ˆâ–ˆâ–‰      | 14/36 [01:55<03:01,  8.24s/files][A[A[A[A[A[A[A[A[A[A[A[A[A[A











Downloading data:  42%|â–ˆâ–ˆâ–ˆâ–ˆâ–     | 15/36 [01:57<02:42,  7.72s/files][A[A[A[A[A[A[A[A[A[A[A[A
















Downloading data:  42%|â–ˆâ–ˆâ–ˆâ–ˆâ–     | 15/36 [01:57<02:53,  8.26s/files][A[A[A[A[A[A[A[A[A[A[A[A[A[A[A[A[A








Downloading data:  47%|â–ˆâ–ˆâ–ˆâ–ˆâ–‹     | 17/36 [01:57<02:08,  6.77s/files][A[A[A[A[A[A[A[A[A


















 ... (more hidden) ...[A[A[A[A[A[A[A[A[A[A[A[A[A[A[A[A[A[A[A












Downloading data:  42%|â–ˆâ–ˆâ–ˆâ–ˆâ–     | 15/36 [01:57<02:42,  7.74s/files][A[A[A[A[A[A[A[A[A[A[A[A[A














Downloading data:  42%|â–ˆâ–ˆâ–ˆâ–ˆâ–     | 15/36 [01:57<02:48,  8.00s/files][A[A[A[A[A[A[A[A[A[A[A[A[A[A[A

















Downloading data:  39%|â–ˆâ–ˆâ–ˆâ–‰      | 14/36 [01:58<03:05,  8.45s/files][A[A[A[A[A[A[A[A[A[A[A[A[A[A[A[A[A[A









Downloading data:  47%|â–ˆâ–ˆâ–ˆâ–ˆâ–‹     | 17/36 [01:58<02:18,  7.30s/files][A[A[A[A[A[A[A[A[A[A










Downloading data:  44%|â–ˆâ–ˆâ–ˆâ–ˆâ–     | 16/36 [01:59<02:27,  7.39s/files][A[A[A[A[A[A[A[A[A[A[A

Downloading data:  44%|â–ˆâ–ˆâ–ˆâ–ˆâ–     | 16/36 [01:58<02:25,  7.25s/files][A[A





Downloading data:  44%|â–ˆâ–ˆâ–ˆâ–ˆâ–     | 16/36 [01:59<02:32,  7.64s/files][A[A[A[A[A[A






Downloading data:  39%|â–ˆâ–ˆâ–ˆâ–‰      | 14/36 [02:00<03:07,  8.51s/files][A[A[A[A[A[A[A







Downloading data:  50%|â–ˆâ–ˆâ–ˆâ–ˆâ–ˆ     | 18/36 [02:01<01:57,  6.54s/files][A[A[A[A[A[A[A[A















Downloading data:  44%|â–ˆâ–ˆâ–ˆâ–ˆâ–     | 16/36 [02:01<02:28,  7.45s/files][A[A[A[A[A[A[A[A[A[A[A[A[A[A[A[A


Downloading data:  42%|â–ˆâ–ˆâ–ˆâ–ˆâ–     | 15/36 [02:00<03:11,  9.12s/files][A[A[A



Downloading data:  42%|â–ˆâ–ˆâ–ˆâ–ˆâ–     | 15/36 [02:01<02:46,  7.95s/files][A[A[A[A




Downloading data:  42%|â–ˆâ–ˆâ–ˆâ–ˆâ–     | 15/36 [02:00<03:06,  8.90s/files][A[A[A[A[A


















 ... (more hidden) ...[A[A[A[A[A[A[A[A[A[A[A[A[A[A[A[A[A[A[A
















Downloading data:  44%|â–ˆâ–ˆâ–ˆâ–ˆâ–     | 16/36 [02:04<02:37,  7.85s/files][A[A[A[A[A[A[A[A[A[A[A[A[A[A[A[A[A








Downloading data:  50%|â–ˆâ–ˆâ–ˆâ–ˆâ–ˆ     | 18/36 [02:04<02:04,  6.93s/files][A[A[A[A[A[A[A[A[A













Downloading data:  42%|â–ˆâ–ˆâ–ˆâ–ˆâ–     | 15/36 [02:03<02:52,  8.20s/files][A[A[A[A[A[A[A[A[A[A[A[A[A[A












Downloading data:  44%|â–ˆâ–ˆâ–ˆâ–ˆâ–     | 16/36 [02:05<02:33,  7.69s/files][A[A[A[A[A[A[A[A[A[A[A[A[A









Downloading data:  50%|â–ˆâ–ˆâ–ˆâ–ˆâ–ˆ     | 18/36 [02:05<02:10,  7.27s/files][A[A[A[A[A[A[A[A[A[A











Downloading data:  44%|â–ˆâ–ˆâ–ˆâ–ˆâ–     | 16/36 [02:05<02:41,  8.06s/files][A[A[A[A[A[A[A[A[A[A[A[A














Downloading data:  44%|â–ˆâ–ˆâ–ˆâ–ˆâ–     | 16/36 [02:04<02:37,  7.88s/files][A[A[A[A[A[A[A[A[A[A[A[A[A[A[A

Downloading data:  47%|â–ˆâ–ˆâ–ˆâ–ˆâ–‹     | 17/36 [02:05<02:18,  7.31s/files][A[A










Downloading data:  47%|â–ˆâ–ˆâ–ˆâ–ˆâ–‹     | 17/36 [02:07<02:21,  7.43s/files][A[A[A[A[A[A[A[A[A[A[A

















Downloading data:  42%|â–ˆâ–ˆâ–ˆâ–ˆâ–     | 15/36 [02:07<03:00,  8.59s/files][A[A[A[A[A[A[A[A[A[A[A[A[A[A[A[A[A[A







Downloading data:  53%|â–ˆâ–ˆâ–ˆâ–ˆâ–ˆâ–Ž    | 19/36 [02:07<01:51,  6.54s/files][A[A[A[A[A[A[A[A





Downloading data:  47%|â–ˆâ–ˆâ–ˆâ–ˆâ–‹     | 17/36 [02:08<02:30,  7.91s/files][A[A[A[A[A[A






Downloading data:  42%|â–ˆâ–ˆâ–ˆâ–ˆâ–     | 15/36 [02:08<02:56,  8.41s/files][A[A[A[A[A[A[A















Downloading data:  47%|â–ˆâ–ˆâ–ˆâ–ˆâ–‹     | 17/36 [02:08<02:20,  7.38s/files][A[A[A[A[A[A[A[A[A[A[A[A[A[A[A[A


Downloading data:  44%|â–ˆâ–ˆâ–ˆâ–ˆâ–     | 16/36 [02:07<02:51,  8.57s/files][A[A[A




Downloading data:  44%|â–ˆâ–ˆâ–ˆâ–ˆâ–     | 16/36 [02:07<02:47,  8.36s/files][A[A[A[A[A


















 ... (more hidden) ...[A[A[A[A[A[A[A[A[A[A[A[A[A[A[A[A[A[A[A



Downloading data:  44%|â–ˆâ–ˆâ–ˆâ–ˆâ–     | 16/36 [02:09<02:39,  7.97s/files][A[A[A[A
















Downloading data:  47%|â–ˆâ–ˆâ–ˆâ–ˆâ–‹     | 17/36 [02:11<02:24,  7.63s/files][A[A[A[A[A[A[A[A[A[A[A[A[A[A[A[A[A








Downloading data:  53%|â–ˆâ–ˆâ–ˆâ–ˆâ–ˆâ–Ž    | 19/36 [02:11<01:58,  6.95s/files][A[A[A[A[A[A[A[A[A













Downloading data:  44%|â–ˆâ–ˆâ–ˆâ–ˆâ–     | 16/36 [02:11<02:41,  8.05s/files][A[A[A[A[A[A[A[A[A[A[A[A[A[A














Downloading data:  47%|â–ˆâ–ˆâ–ˆâ–ˆâ–‹     | 17/36 [02:11<02:26,  7.73s/files][A[A[A[A[A[A[A[A[A[A[A[A[A[A[A









Downloading data:  53%|â–ˆâ–ˆâ–ˆâ–ˆâ–ˆâ–Ž    | 19/36 [02:13<02:05,  7.37s/files][A[A[A[A[A[A[A[A[A[A











Downloading data:  47%|â–ˆâ–ˆâ–ˆâ–ˆâ–‹     | 17/36 [02:13<02:30,  7.90s/files][A[A[A[A[A[A[A[A[A[A[A[A












Downloading data:  47%|â–ˆâ–ˆâ–ˆâ–ˆâ–‹     | 17/36 [02:13<02:27,  7.76s/files][A[A[A[A[A[A[A[A[A[A[A[A[A







Downloading data:  56%|â–ˆâ–ˆâ–ˆâ–ˆâ–ˆâ–Œ    | 20/36 [02:14<01:43,  6.48s/files][A[A[A[A[A[A[A[A










Downloading data:  50%|â–ˆâ–ˆâ–ˆâ–ˆâ–ˆ     | 18/36 [02:14<02:12,  7.38s/files][A[A[A[A[A[A[A[A[A[A[A

Downloading data:  50%|â–ˆâ–ˆâ–ˆâ–ˆâ–ˆ     | 18/36 [02:13<02:12,  7.34s/files][A[A


















 ... (more hidden) ...[A[A[A[A[A[A[A[A[A[A[A[A[A[A[A[A[A[A[A















Downloading data:  50%|â–ˆâ–ˆâ–ˆâ–ˆâ–ˆ     | 18/36 [02:15<02:11,  7.32s/files][A[A[A[A[A[A[A[A[A[A[A[A[A[A[A[A





Downloading data:  50%|â–ˆâ–ˆâ–ˆâ–ˆâ–ˆ     | 18/36 [02:15<02:19,  7.74s/files][A[A[A[A[A[A


Downloading data:  47%|â–ˆâ–ˆâ–ˆâ–ˆâ–‹     | 17/36 [02:15<02:35,  8.17s/files][A[A[A

















Downloading data:  44%|â–ˆâ–ˆâ–ˆâ–ˆâ–     | 16/36 [02:16<02:54,  8.72s/files][A[A[A[A[A[A[A[A[A[A[A[A[A[A[A[A[A[A




Downloading data:  47%|â–ˆâ–ˆâ–ˆâ–ˆâ–‹     | 17/36 [02:15<02:32,  8.01s/files][A[A[A[A[A






Downloading data:  44%|â–ˆâ–ˆâ–ˆâ–ˆâ–     | 16/36 [02:16<02:48,  8.41s/files][A[A[A[A[A[A[A



Downloading data:  47%|â–ˆâ–ˆâ–ˆâ–ˆâ–‹     | 17/36 [02:17<02:30,  7.91s/files][A[A[A[A








Downloading data:  56%|â–ˆâ–ˆâ–ˆâ–ˆâ–ˆâ–Œ    | 20/36 [02:18<01:50,  6.88s/files][A[A[A[A[A[A[A[A[A
















Downloading data:  50%|â–ˆâ–ˆâ–ˆâ–ˆâ–ˆ     | 18/36 [02:18<02:15,  7.51s/files][A[A[A[A[A[A[A[A[A[A[A[A[A[A[A[A[A









Downloading data:  56%|â–ˆâ–ˆâ–ˆâ–ˆâ–ˆâ–Œ    | 20/36 [02:20<01:56,  7.29s/files][A[A[A[A[A[A[A[A[A[A













Downloading data:  47%|â–ˆâ–ˆâ–ˆâ–ˆâ–‹     | 17/36 [02:19<02:31,  7.96s/files][A[A[A[A[A[A[A[A[A[A[A[A[A[A







Downloading data:  58%|â–ˆâ–ˆâ–ˆâ–ˆâ–ˆâ–Š    | 21/36 [02:20<01:38,  6.55s/files][A[A[A[A[A[A[A[A














Downloading data:  50%|â–ˆâ–ˆâ–ˆâ–ˆâ–ˆ     | 18/36 [02:19<02:16,  7.59s/files][A[A[A[A[A[A[A[A[A[A[A[A[A[A[A












Downloading data:  50%|â–ˆâ–ˆâ–ˆâ–ˆâ–ˆ     | 18/36 [02:20<02:19,  7.72s/files][A[A[A[A[A[A[A[A[A[A[A[A[A


















 ... (more hidden) ...[A[A[A[A[A[A[A[A[A[A[A[A[A[A[A[A[A[A[A










Downloading data:  53%|â–ˆâ–ˆâ–ˆâ–ˆâ–ˆâ–Ž    | 19/36 [02:21<02:04,  7.32s/files][A[A[A[A[A[A[A[A[A[A[A











Downloading data:  50%|â–ˆâ–ˆâ–ˆâ–ˆâ–ˆ     | 18/36 [02:21<02:22,  7.91s/files][A[A[A[A[A[A[A[A[A[A[A[A

Downloading data:  53%|â–ˆâ–ˆâ–ˆâ–ˆâ–ˆâ–Ž    | 19/36 [02:21<02:07,  7.50s/files][A[A


Downloading data:  50%|â–ˆâ–ˆâ–ˆâ–ˆâ–ˆ     | 18/36 [02:21<02:17,  7.66s/files][A[A[A





Downloading data:  53%|â–ˆâ–ˆâ–ˆâ–ˆâ–ˆâ–Ž    | 19/36 [02:23<02:11,  7.71s/files][A[A[A[A[A[A




Downloading data:  50%|â–ˆâ–ˆâ–ˆâ–ˆâ–ˆ     | 18/36 [02:22<02:19,  7.74s/files][A[A[A[A[A















Downloading data:  53%|â–ˆâ–ˆâ–ˆâ–ˆâ–ˆâ–Ž    | 19/36 [02:25<02:14,  7.89s/files][A[A[A[A[A[A[A[A[A[A[A[A[A[A[A[A






Downloading data:  47%|â–ˆâ–ˆâ–ˆâ–ˆâ–‹     | 17/36 [02:25<02:41,  8.50s/files][A[A[A[A[A[A[A








Downloading data:  58%|â–ˆâ–ˆâ–ˆâ–ˆâ–ˆâ–Š    | 21/36 [02:25<01:43,  6.90s/files][A[A[A[A[A[A[A[A[A



Downloading data:  50%|â–ˆâ–ˆâ–ˆâ–ˆâ–ˆ     | 18/36 [02:25<02:24,  8.01s/files][A[A[A[A

















Downloading data:  47%|â–ˆâ–ˆâ–ˆâ–ˆâ–‹     | 17/36 [02:26<02:48,  8.89s/files][A[A[A[A[A[A[A[A[A[A[A[A[A[A[A[A[A[A
















Downloading data:  53%|â–ˆâ–ˆâ–ˆâ–ˆâ–ˆâ–Ž    | 19/36 [02:25<02:05,  7.38s/files][A[A[A[A[A[A[A[A[A[A[A[A[A[A[A[A[A


















 ... (more hidden) ...[A[A[A[A[A[A[A[A[A[A[A[A[A[A[A[A[A[A[A









Downloading data:  58%|â–ˆâ–ˆâ–ˆâ–ˆâ–ˆâ–Š    | 21/36 [02:27<01:47,  7.18s/files][A[A[A[A[A[A[A[A[A[A







Downloading data:  61%|â–ˆâ–ˆâ–ˆâ–ˆâ–ˆâ–ˆ    | 22/36 [02:27<01:34,  6.75s/files][A[A[A[A[A[A[A[A














Downloading data:  53%|â–ˆâ–ˆâ–ˆâ–ˆâ–ˆâ–Ž    | 19/36 [02:26<02:07,  7.51s/files][A[A[A[A[A[A[A[A[A[A[A[A[A[A[A


Downloading data:  53%|â–ˆâ–ˆâ–ˆâ–ˆâ–ˆâ–Ž    | 19/36 [02:27<02:02,  7.23s/files][A[A[A










Downloading data:  56%|â–ˆâ–ˆâ–ˆâ–ˆâ–ˆâ–Œ    | 20/36 [02:29<01:59,  7.47s/files][A[A[A[A[A[A[A[A[A[A[A











Downloading data:  53%|â–ˆâ–ˆâ–ˆâ–ˆâ–ˆâ–Ž    | 19/36 [02:29<02:14,  7.91s/files][A[A[A[A[A[A[A[A[A[A[A[A

Downloading data:  56%|â–ˆâ–ˆâ–ˆâ–ˆâ–ˆâ–Œ    | 20/36 [02:28<01:58,  7.40s/files][A[A












Downloading data:  53%|â–ˆâ–ˆâ–ˆâ–ˆâ–ˆâ–Ž    | 19/36 [02:28<02:13,  7.84s/files][A[A[A[A[A[A[A[A[A[A[A[A[A





Downloading data:  56%|â–ˆâ–ˆâ–ˆâ–ˆâ–ˆâ–Œ    | 20/36 [02:31<02:03,  7.72s/files][A[A[A[A[A[A













Downloading data:  50%|â–ˆâ–ˆâ–ˆâ–ˆâ–ˆ     | 18/36 [02:29<02:37,  8.76s/files][A[A[A[A[A[A[A[A[A[A[A[A[A[A




Downloading data:  53%|â–ˆâ–ˆâ–ˆâ–ˆâ–ˆâ–Ž    | 19/36 [02:30<02:12,  7.81s/files][A[A[A[A[A















Downloading data:  56%|â–ˆâ–ˆâ–ˆâ–ˆâ–ˆâ–Œ    | 20/36 [02:32<02:04,  7.76s/files][A[A[A[A[A[A[A[A[A[A[A[A[A[A[A[A


















 ... (more hidden) ...[A[A[A[A[A[A[A[A[A[A[A[A[A[A[A[A[A[A[A








Downloading data:  61%|â–ˆâ–ˆâ–ˆâ–ˆâ–ˆâ–ˆ    | 22/36 [02:32<01:37,  6.93s/files][A[A[A[A[A[A[A[A[ADownloading data: 100%|â–ˆâ–ˆâ–ˆâ–ˆâ–ˆâ–ˆâ–ˆâ–ˆâ–ˆâ–ˆ| 25/25 [02:31<00:00,  6.06s/files]

















Downloading data:  56%|â–ˆâ–ˆâ–ˆâ–ˆâ–ˆâ–Œ    | 20/36 [02:32<01:57,  7.32s/files][A[A[A[A[A[A[A[A[A[A[A[A[A[A[A[A[A



Downloading data:  53%|â–ˆâ–ˆâ–ˆâ–ˆâ–ˆâ–Ž    | 19/36 [02:33<02:14,  7.93s/files][A[A[A[A






Downloading data:  50%|â–ˆâ–ˆâ–ˆâ–ˆâ–ˆ     | 18/36 [02:33<02:31,  8.39s/files][A[A[A[A[A[A[A

















Downloading data:  50%|â–ˆâ–ˆâ–ˆâ–ˆâ–ˆ     | 18/36 [02:34<02:38,  8.82s/files][A[A[A[A[A[A[A[A[A[A[A[A[A[A[A[A[A[A







Downloading data:  64%|â–ˆâ–ˆâ–ˆâ–ˆâ–ˆâ–ˆâ–   | 23/36 [02:34<01:28,  6.77s/files][A[A[A[A[A[A[A[A


Downloading data:  56%|â–ˆâ–ˆâ–ˆâ–ˆâ–ˆâ–Œ    | 20/36 [02:33<01:49,  6.87s/files][A[A[A










Downloading data:  58%|â–ˆâ–ˆâ–ˆâ–ˆâ–ˆâ–Š    | 21/36 [02:36<01:51,  7.41s/files][A[A[A[A[A[A[A[A[A[A[A














Downloading data:  56%|â–ˆâ–ˆâ–ˆâ–ˆâ–ˆâ–Œ    | 20/36 [02:35<02:05,  7.82s/files][A[A[A[A[A[A[A[A[A[A[A[A[A[A[A

Downloading data:  58%|â–ˆâ–ˆâ–ˆâ–ˆâ–ˆâ–Š    | 21/36 [02:35<01:51,  7.42s/files][A[A











Downloading data:  56%|â–ˆâ–ˆâ–ˆâ–ˆâ–ˆâ–Œ    | 20/36 [02:36<02:05,  7.84s/files][A[A[A[A[A[A[A[A[A[A[A[A









Downloading data:  61%|â–ˆâ–ˆâ–ˆâ–ˆâ–ˆâ–ˆ    | 22/36 [02:36<01:50,  7.88s/files][A[A[A[A[A[A[A[A[A[A












Downloading data:  56%|â–ˆâ–ˆâ–ˆâ–ˆâ–ˆâ–Œ    | 20/36 [02:37<02:08,  8.06s/files][A[A[A[A[A[A[A[A[A[A[A[A[A


















 ... (more hidden) ...[A[A[A[A[A[A[A[A[A[A[A[A[A[A[A[A[A[A[A





Downloading data:  58%|â–ˆâ–ˆâ–ˆâ–ˆâ–ˆâ–Š    | 21/36 [02:38<01:55,  7.69s/files][A[A[A[A[A[A




Downloading data:  56%|â–ˆâ–ˆâ–ˆâ–ˆâ–ˆâ–Œ    | 20/36 [02:37<02:03,  7.74s/files][A[A[A[A[A













Downloading data:  53%|â–ˆâ–ˆâ–ˆâ–ˆâ–ˆâ–Ž    | 19/36 [02:37<02:25,  8.56s/files][A[A[A[A[A[A[A[A[A[A[A[A[A[A















Downloading data:  58%|â–ˆâ–ˆâ–ˆâ–ˆâ–ˆâ–Š    | 21/36 [02:39<01:53,  7.57s/files][A[A[A[A[A[A[A[A[A[A[A[A[A[A[A[A








Downloading data:  64%|â–ˆâ–ˆâ–ˆâ–ˆâ–ˆâ–ˆâ–   | 23/36 [02:39<01:29,  6.92s/files][A[A[A[A[A[A[A[A[A
















Downloading data:  58%|â–ˆâ–ˆâ–ˆâ–ˆâ–ˆâ–Š    | 21/36 [02:40<01:50,  7.40s/files][A[A[A[A[A[A[A[A[A[A[A[A[A[A[A[A[A







Downloading data:  67%|â–ˆâ–ˆâ–ˆâ–ˆâ–ˆâ–ˆâ–‹   | 24/36 [02:41<01:19,  6.65s/files][A[A[A[A[A[A[A[A



Downloading data:  56%|â–ˆâ–ˆâ–ˆâ–ˆâ–ˆâ–Œ    | 20/36 [02:41<02:06,  7.90s/files][A[A[A[A


Downloading data:  58%|â–ˆâ–ˆâ–ˆâ–ˆâ–ˆâ–Š    | 21/36 [02:40<01:42,  6.86s/files][A[A[A






Downloading data:  53%|â–ˆâ–ˆâ–ˆâ–ˆâ–ˆâ–Ž    | 19/36 [02:42<02:23,  8.43s/files][A[A[A[A[A[A[A

















Downloading data:  53%|â–ˆâ–ˆâ–ˆâ–ˆâ–ˆâ–Ž    | 19/36 [02:43<02:27,  8.68s/files][A[A[A[A[A[A[A[A[A[A[A[A[A[A[A[A[A[A










Downloading data:  61%|â–ˆâ–ˆâ–ˆâ–ˆâ–ˆâ–ˆ    | 22/36 [02:43<01:42,  7.35s/files][A[A[A[A[A[A[A[A[A[A[A














Downloading data:  58%|â–ˆâ–ˆâ–ˆâ–ˆâ–ˆâ–Š    | 21/36 [02:42<01:55,  7.71s/files][A[A[A[A[A[A[A[A[A[A[A[A[A[A[A

Downloading data:  61%|â–ˆâ–ˆâ–ˆâ–ˆâ–ˆâ–ˆ    | 22/36 [02:42<01:43,  7.36s/files][A[A


















 ... (more hidden) ...[A[A[A[A[A[A[A[A[A[A[A[A[A[A[A[A[A[A[A











Downloading data:  58%|â–ˆâ–ˆâ–ˆâ–ˆâ–ˆâ–Š    | 21/36 [02:44<01:56,  7.79s/files][A[A[A[A[A[A[A[A[A[A[A[A









Downloading data:  64%|â–ˆâ–ˆâ–ˆâ–ˆâ–ˆâ–ˆâ–   | 23/36 [02:44<01:42,  7.87s/files][A[A[A[A[A[A[A[A[A[A












Downloading data:  58%|â–ˆâ–ˆâ–ˆâ–ˆâ–ˆâ–Š    | 21/36 [02:45<01:59,  7.95s/files][A[A[A[A[A[A[A[A[A[A[A[A[A








Downloading data:  67%|â–ˆâ–ˆâ–ˆâ–ˆâ–ˆâ–ˆâ–‹   | 24/36 [02:45<01:21,  6.78s/files][A[A[A[A[A[A[A[A[A





Downloading data:  61%|â–ˆâ–ˆâ–ˆâ–ˆâ–ˆâ–ˆ    | 22/36 [02:46<01:46,  7.59s/files][A[A[A[A[A[A




Downloading data:  58%|â–ˆâ–ˆâ–ˆâ–ˆâ–ˆâ–Š    | 21/36 [02:44<01:53,  7.56s/files][A[A[A[A[A















Downloading data:  61%|â–ˆâ–ˆâ–ˆâ–ˆâ–ˆâ–ˆ    | 22/36 [02:46<01:43,  7.41s/files][A[A[A[A[A[A[A[A[A[A[A[A[A[A[A[A













Downloading data:  56%|â–ˆâ–ˆâ–ˆâ–ˆâ–ˆâ–Œ    | 20/36 [02:45<02:12,  8.25s/files][A[A[A[A[A[A[A[A[A[A[A[A[A[A
















Downloading data:  61%|â–ˆâ–ˆâ–ˆâ–ˆâ–ˆâ–ˆ    | 22/36 [02:47<01:42,  7.30s/files][A[A[A[A[A[A[A[A[A[A[A[A[A[A[A[A[A







Downloading data:  69%|â–ˆâ–ˆâ–ˆâ–ˆâ–ˆâ–ˆâ–‰   | 25/36 [02:48<01:13,  6.71s/files][A[A[A[A[A[A[A[A



Downloading data:  58%|â–ˆâ–ˆâ–ˆâ–ˆâ–ˆâ–Š    | 21/36 [02:48<01:58,  7.92s/files][A[A[A[A


















 ... (more hidden) ...[A[A[A[A[A[A[A[A[A[A[A[A[A[A[A[A[A[A[A






Downloading data:  56%|â–ˆâ–ˆâ–ˆâ–ˆâ–ˆâ–Œ    | 20/36 [02:50<02:14,  8.42s/files][A[A[A[A[A[A[A










Downloading data:  64%|â–ˆâ–ˆâ–ˆâ–ˆâ–ˆâ–ˆâ–   | 23/36 [02:50<01:34,  7.30s/files][A[A[A[A[A[A[A[A[A[A[A














Downloading data:  61%|â–ˆâ–ˆâ–ˆâ–ˆâ–ˆâ–ˆ    | 22/36 [02:49<01:45,  7.57s/files][A[A[A[A[A[A[A[A[A[A[A[A[A[A[A


Downloading data:  61%|â–ˆâ–ˆâ–ˆâ–ˆâ–ˆâ–ˆ    | 22/36 [02:50<01:48,  7.72s/files][A[A[A

Downloading data:  64%|â–ˆâ–ˆâ–ˆâ–ˆâ–ˆâ–ˆâ–   | 23/36 [02:50<01:35,  7.37s/files][A[A

















Downloading data:  56%|â–ˆâ–ˆâ–ˆâ–ˆâ–ˆâ–Œ    | 20/36 [02:52<02:21,  8.86s/files][A[A[A[A[A[A[A[A[A[A[A[A[A[A[A[A[A[A









Downloading data:  67%|â–ˆâ–ˆâ–ˆâ–ˆâ–ˆâ–ˆâ–‹   | 24/36 [02:52<01:32,  7.72s/files][A[A[A[A[A[A[A[A[A[A











Downloading data:  61%|â–ˆâ–ˆâ–ˆâ–ˆâ–ˆâ–ˆ    | 22/36 [02:52<01:48,  7.78s/files][A[A[A[A[A[A[A[A[A[A[A[A








Downloading data:  69%|â–ˆâ–ˆâ–ˆâ–ˆâ–ˆâ–ˆâ–‰   | 25/36 [02:53<01:16,  6.97s/files][A[A[A[A[A[A[A[A[A




Downloading data:  61%|â–ˆâ–ˆâ–ˆâ–ˆâ–ˆâ–ˆ    | 22/36 [02:52<01:44,  7.49s/files][A[A[A[A[A





Downloading data:  64%|â–ˆâ–ˆâ–ˆâ–ˆâ–ˆâ–ˆâ–   | 23/36 [02:53<01:38,  7.60s/files][A[A[A[A[A[A












Downloading data:  61%|â–ˆâ–ˆâ–ˆâ–ˆâ–ˆâ–ˆ    | 22/36 [02:53<01:53,  8.10s/files][A[A[A[A[A[A[A[A[A[A[A[A[A







Downloading data:  72%|â–ˆâ–ˆâ–ˆâ–ˆâ–ˆâ–ˆâ–ˆâ–  | 26/36 [02:54<01:06,  6.63s/files][A[A[A[A[A[A[A[A















Downloading data:  64%|â–ˆâ–ˆâ–ˆâ–ˆâ–ˆâ–ˆâ–   | 23/36 [02:54<01:38,  7.61s/files][A[A[A[A[A[A[A[A[A[A[A[A[A[A[A[A













Downloading data:  58%|â–ˆâ–ˆâ–ˆâ–ˆâ–ˆâ–Š    | 21/36 [02:53<02:02,  8.14s/files][A[A[A[A[A[A[A[A[A[A[A[A[A[A
















Downloading data:  64%|â–ˆâ–ˆâ–ˆâ–ˆâ–ˆâ–ˆâ–   | 23/36 [02:54<01:34,  7.24s/files][A[A[A[A[A[A[A[A[A[A[A[A[A[A[A[A[A


















 ... (more hidden) ...[A[A[A[A[A[A[A[A[A[A[A[A[A[A[A[A[A[A[A



Downloading data:  61%|â–ˆâ–ˆâ–ˆâ–ˆâ–ˆâ–ˆ    | 22/36 [02:56<01:50,  7.88s/files][A[A[A[A














Downloading data:  64%|â–ˆâ–ˆâ–ˆâ–ˆâ–ˆâ–ˆâ–   | 23/36 [02:56<01:36,  7.43s/files][A[A[A[A[A[A[A[A[A[A[A[A[A[A[A










Downloading data:  67%|â–ˆâ–ˆâ–ˆâ–ˆâ–ˆâ–ˆâ–‹   | 24/36 [02:58<01:28,  7.39s/files][A[A[A[A[A[A[A[A[A[A[A


Downloading data:  64%|â–ˆâ–ˆâ–ˆâ–ˆâ–ˆâ–ˆâ–   | 23/36 [02:57<01:39,  7.63s/files][A[A[A

Downloading data:  67%|â–ˆâ–ˆâ–ˆâ–ˆâ–ˆâ–ˆâ–‹   | 24/36 [02:58<01:30,  7.50s/files][A[A






Downloading data:  58%|â–ˆâ–ˆâ–ˆâ–ˆâ–ˆâ–Š    | 21/36 [02:59<02:07,  8.50s/files][A[A[A[A[A[A[A









Downloading data:  69%|â–ˆâ–ˆâ–ˆâ–ˆâ–ˆâ–ˆâ–‰   | 25/36 [02:59<01:24,  7.67s/files][A[A[A[A[A[A[A[A[A[A











Downloading data:  64%|â–ˆâ–ˆâ–ˆâ–ˆâ–ˆâ–ˆâ–   | 23/36 [03:00<01:40,  7.74s/files][A[A[A[A[A[A[A[A[A[A[A[A








Downloading data:  72%|â–ˆâ–ˆâ–ˆâ–ˆâ–ˆâ–ˆâ–ˆâ–  | 26/36 [03:00<01:10,  7.02s/files][A[A[A[A[A[A[A[A[A

















Downloading data:  58%|â–ˆâ–ˆâ–ˆâ–ˆâ–ˆâ–Š    | 21/36 [03:00<02:11,  8.79s/files][A[A[A[A[A[A[A[A[A[A[A[A[A[A[A[A[A[A





Downloading data:  67%|â–ˆâ–ˆâ–ˆâ–ˆâ–ˆâ–ˆâ–‹   | 24/36 [03:00<01:29,  7.46s/files][A[A[A[A[A[A







Downloading data:  75%|â–ˆâ–ˆâ–ˆâ–ˆâ–ˆâ–ˆâ–ˆâ–Œ  | 27/36 [03:01<01:00,  6.70s/files][A[A[A[A[A[A[A[A


















 ... (more hidden) ...[A[A[A[A[A[A[A[A[A[A[A[A[A[A[A[A[A[A[A




Downloading data:  64%|â–ˆâ–ˆâ–ˆâ–ˆâ–ˆâ–ˆâ–   | 23/36 [03:00<01:38,  7.61s/files][A[A[A[A[A












Downloading data:  64%|â–ˆâ–ˆâ–ˆâ–ˆâ–ˆâ–ˆâ–   | 23/36 [03:01<01:44,  8.07s/files][A[A[A[A[A[A[A[A[A[A[A[A[A















Downloading data:  67%|â–ˆâ–ˆâ–ˆâ–ˆâ–ˆâ–ˆâ–‹   | 24/36 [03:02<01:31,  7.62s/files][A[A[A[A[A[A[A[A[A[A[A[A[A[A[A[A













Downloading data:  61%|â–ˆâ–ˆâ–ˆâ–ˆâ–ˆâ–ˆ    | 22/36 [03:00<01:52,  8.02s/files][A[A[A[A[A[A[A[A[A[A[A[A[A[A
















Downloading data:  67%|â–ˆâ–ˆâ–ˆâ–ˆâ–ˆâ–ˆâ–‹   | 24/36 [03:02<01:30,  7.51s/files][A[A[A[A[A[A[A[A[A[A[A[A[A[A[A[A[A



Downloading data:  64%|â–ˆâ–ˆâ–ˆâ–ˆâ–ˆâ–ˆâ–   | 23/36 [03:04<01:42,  7.92s/files][A[A[A[A










Downloading data:  69%|â–ˆâ–ˆâ–ˆâ–ˆâ–ˆâ–ˆâ–‰   | 25/36 [03:05<01:20,  7.34s/files][A[A[A[A[A[A[A[A[A[A[A














Downloading data:  67%|â–ˆâ–ˆâ–ˆâ–ˆâ–ˆâ–ˆâ–‹   | 24/36 [03:04<01:29,  7.42s/files][A[A[A[A[A[A[A[A[A[A[A[A[A[A[A

Downloading data:  69%|â–ˆâ–ˆâ–ˆâ–ˆâ–ˆâ–ˆâ–‰   | 25/36 [03:05<01:21,  7.40s/files][A[A


















 ... (more hidden) ...[A[A[A[A[A[A[A[A[A[A[A[A[A[A[A[A[A[A[A


Downloading data:  67%|â–ˆâ–ˆâ–ˆâ–ˆâ–ˆâ–ˆâ–‹   | 24/36 [03:05<01:33,  7.76s/files][A[A[A









Downloading data:  72%|â–ˆâ–ˆâ–ˆâ–ˆâ–ˆâ–ˆâ–ˆâ–  | 26/36 [03:06<01:15,  7.55s/files][A[A[A[A[A[A[A[A[A[A








Downloading data:  75%|â–ˆâ–ˆâ–ˆâ–ˆâ–ˆâ–ˆâ–ˆâ–Œ  | 27/36 [03:07<01:02,  6.93s/files][A[A[A[A[A[A[A[A[A







Downloading data:  78%|â–ˆâ–ˆâ–ˆâ–ˆâ–ˆâ–ˆâ–ˆâ–Š  | 28/36 [03:07<00:53,  6.66s/files][A[A[A[A[A[A[A[A











Downloading data:  67%|â–ˆâ–ˆâ–ˆâ–ˆâ–ˆâ–ˆâ–‹   | 24/36 [03:07<01:33,  7.76s/files][A[A[A[A[A[A[A[A[A[A[A[A






Downloading data:  61%|â–ˆâ–ˆâ–ˆâ–ˆâ–ˆâ–ˆ    | 22/36 [03:07<01:59,  8.50s/files][A[A[A[A[A[A[A





Downloading data:  69%|â–ˆâ–ˆâ–ˆâ–ˆâ–ˆâ–ˆâ–‰   | 25/36 [03:08<01:23,  7.59s/files][A[A[A[A[A[A




Downloading data:  67%|â–ˆâ–ˆâ–ˆâ–ˆâ–ˆâ–ˆâ–‹   | 24/36 [03:07<01:31,  7.59s/files][A[A[A[A[A

















Downloading data:  61%|â–ˆâ–ˆâ–ˆâ–ˆâ–ˆâ–ˆ    | 22/36 [03:09<02:02,  8.73s/files][A[A[A[A[A[A[A[A[A[A[A[A[A[A[A[A[A[A















Downloading data:  69%|â–ˆâ–ˆâ–ˆâ–ˆâ–ˆâ–ˆâ–‰   | 25/36 [03:09<01:23,  7.56s/files][A[A[A[A[A[A[A[A[A[A[A[A[A[A[A[A












Downloading data:  67%|â–ˆâ–ˆâ–ˆâ–ˆâ–ˆâ–ˆâ–‹   | 24/36 [03:09<01:36,  8.01s/files][A[A[A[A[A[A[A[A[A[A[A[A[A













Downloading data:  64%|â–ˆâ–ˆâ–ˆâ–ˆâ–ˆâ–ˆâ–   | 23/36 [03:08<01:42,  7.85s/files][A[A[A[A[A[A[A[A[A[A[A[A[A[A
















Downloading data:  69%|â–ˆâ–ˆâ–ˆâ–ˆâ–ˆâ–ˆâ–‰   | 25/36 [03:09<01:20,  7.35s/files][A[A[A[A[A[A[A[A[A[A[A[A[A[A[A[A[A


















 ... (more hidden) ...[A[A[A[A[A[A[A[A[A[A[A[A[A[A[A[A[A[A[A










Downloading data:  72%|â–ˆâ–ˆâ–ˆâ–ˆâ–ˆâ–ˆâ–ˆâ–  | 26/36 [03:13<01:13,  7.34s/files][A[A[A[A[A[A[A[A[A[A[A



Downloading data:  67%|â–ˆâ–ˆâ–ˆâ–ˆâ–ˆâ–ˆâ–‹   | 24/36 [03:12<01:35,  7.96s/files][A[A[A[A














Downloading data:  69%|â–ˆâ–ˆâ–ˆâ–ˆâ–ˆâ–ˆâ–‰   | 25/36 [03:11<01:21,  7.41s/files][A[A[A[A[A[A[A[A[A[A[A[A[A[A[A









Downloading data:  75%|â–ˆâ–ˆâ–ˆâ–ˆâ–ˆâ–ˆâ–ˆâ–Œ  | 27/36 [03:14<01:06,  7.44s/files][A[A[A[A[A[A[A[A[A[A

Downloading data:  72%|â–ˆâ–ˆâ–ˆâ–ˆâ–ˆâ–ˆâ–ˆâ–  | 26/36 [03:13<01:15,  7.54s/files][A[A








Downloading data:  78%|â–ˆâ–ˆâ–ˆâ–ˆâ–ˆâ–ˆâ–ˆâ–Š  | 28/36 [03:14<00:55,  6.96s/files][A[A[A[A[A[A[A[A[A


Downloading data:  69%|â–ˆâ–ˆâ–ˆâ–ˆâ–ˆâ–ˆâ–‰   | 25/36 [03:13<01:25,  7.76s/files][A[A[A











Downloading data:  69%|â–ˆâ–ˆâ–ˆâ–ˆâ–ˆâ–ˆâ–‰   | 25/36 [03:15<01:24,  7.71s/files][A[A[A[A[A[A[A[A[A[A[A[A






Downloading data:  64%|â–ˆâ–ˆâ–ˆâ–ˆâ–ˆâ–ˆâ–   | 23/36 [03:15<01:48,  8.38s/files][A[A[A[A[A[A[A




Downloading data:  69%|â–ˆâ–ˆâ–ˆâ–ˆâ–ˆâ–ˆâ–‰   | 25/36 [03:14<01:22,  7.47s/files][A[A[A[A[A





Downloading data:  72%|â–ˆâ–ˆâ–ˆâ–ˆâ–ˆâ–ˆâ–ˆâ–  | 26/36 [03:16<01:17,  7.71s/files][A[A[A[A[A[A















Downloading data:  72%|â–ˆâ–ˆâ–ˆâ–ˆâ–ˆâ–ˆâ–ˆâ–  | 26/36 [03:17<01:15,  7.51s/files][A[A[A[A[A[A[A[A[A[A[A[A[A[A[A[A













Downloading data:  67%|â–ˆâ–ˆâ–ˆâ–ˆâ–ˆâ–ˆâ–‹   | 24/36 [03:15<01:32,  7.68s/files][A[A[A[A[A[A[A[A[A[A[A[A[A[A







Downloading data:  81%|â–ˆâ–ˆâ–ˆâ–ˆâ–ˆâ–ˆâ–ˆâ–ˆ  | 29/36 [03:17<00:53,  7.59s/files][A[A[A[A[A[A[A[A
















Downloading data:  72%|â–ˆâ–ˆâ–ˆâ–ˆâ–ˆâ–ˆâ–ˆâ–  | 26/36 [03:17<01:14,  7.48s/files][A[A[A[A[A[A[A[A[A[A[A[A[A[A[A[A[A

















Downloading data:  64%|â–ˆâ–ˆâ–ˆâ–ˆâ–ˆâ–ˆâ–   | 23/36 [03:18<01:53,  8.70s/files][A[A[A[A[A[A[A[A[A[A[A[A[A[A[A[A[A[A












Downloading data:  69%|â–ˆâ–ˆâ–ˆâ–ˆâ–ˆâ–ˆâ–‰   | 25/36 [03:17<01:29,  8.11s/files][A[A[A[A[A[A[A[A[A[A[A[A[A


















 ... (more hidden) ...[A[A[A[A[A[A[A[A[A[A[A[A[A[A[A[A[A[A[A










Downloading data:  75%|â–ˆâ–ˆâ–ˆâ–ˆâ–ˆâ–ˆâ–ˆâ–Œ  | 27/36 [03:20<01:07,  7.46s/files][A[A[A[A[A[A[A[A[A[A[A



Downloading data:  69%|â–ˆâ–ˆâ–ˆâ–ˆâ–ˆâ–ˆâ–‰   | 25/36 [03:20<01:26,  7.89s/files][A[A[A[A














Downloading data:  72%|â–ˆâ–ˆâ–ˆâ–ˆâ–ˆâ–ˆâ–ˆâ–  | 26/36 [03:19<01:14,  7.50s/files][A[A[A[A[A[A[A[A[A[A[A[A[A[A[A








Downloading data:  81%|â–ˆâ–ˆâ–ˆâ–ˆâ–ˆâ–ˆâ–ˆâ–ˆ  | 29/36 [03:20<00:48,  6.90s/files][A[A[A[A[A[A[A[A[A

Downloading data:  75%|â–ˆâ–ˆâ–ˆâ–ˆâ–ˆâ–ˆâ–ˆâ–Œ  | 27/36 [03:20<01:06,  7.40s/files][A[A









Downloading data:  78%|â–ˆâ–ˆâ–ˆâ–ˆâ–ˆâ–ˆâ–ˆâ–Š  | 28/36 [03:21<00:59,  7.40s/files][A[A[A[A[A[A[A[A[A[A


Downloading data:  72%|â–ˆâ–ˆâ–ˆâ–ˆâ–ˆâ–ˆâ–ˆâ–  | 26/36 [03:20<01:16,  7.61s/files][A[A[A











Downloading data:  72%|â–ˆâ–ˆâ–ˆâ–ˆâ–ˆâ–ˆâ–ˆâ–  | 26/36 [03:23<01:16,  7.69s/files][A[A[A[A[A[A[A[A[A[A[A[A




Downloading data:  72%|â–ˆâ–ˆâ–ˆâ–ˆâ–ˆâ–ˆâ–ˆâ–  | 26/36 [03:22<01:14,  7.42s/files][A[A[A[A[A






Downloading data:  67%|â–ˆâ–ˆâ–ˆâ–ˆâ–ˆâ–ˆâ–‹   | 24/36 [03:24<01:39,  8.30s/files][A[A[A[A[A[A[A















Downloading data:  75%|â–ˆâ–ˆâ–ˆâ–ˆâ–ˆâ–ˆâ–ˆâ–Œ  | 27/36 [03:24<01:06,  7.42s/files][A[A[A[A[A[A[A[A[A[A[A[A[A[A[A[A


















 ... (more hidden) ...[A[A[A[A[A[A[A[A[A[A[A[A[A[A[A[A[A[A[A





Downloading data:  75%|â–ˆâ–ˆâ–ˆâ–ˆâ–ˆâ–ˆâ–ˆâ–Œ  | 27/36 [03:24<01:10,  7.80s/files][A[A[A[A[A[A







Downloading data:  83%|â–ˆâ–ˆâ–ˆâ–ˆâ–ˆâ–ˆâ–ˆâ–ˆâ–Ž | 30/36 [03:24<00:44,  7.47s/files][A[A[A[A[A[A[A[A













Downloading data:  69%|â–ˆâ–ˆâ–ˆâ–ˆâ–ˆâ–ˆâ–‰   | 25/36 [03:23<01:24,  7.65s/files][A[A[A[A[A[A[A[A[A[A[A[A[A[A
















Downloading data:  75%|â–ˆâ–ˆâ–ˆâ–ˆâ–ˆâ–ˆâ–ˆâ–Œ  | 27/36 [03:24<01:06,  7.34s/files][A[A[A[A[A[A[A[A[A[A[A[A[A[A[A[A[A












Downloading data:  72%|â–ˆâ–ˆâ–ˆâ–ˆâ–ˆâ–ˆâ–ˆâ–  | 26/36 [03:25<01:19,  7.99s/files][A[A[A[A[A[A[A[A[A[A[A[A[A

















Downloading data:  67%|â–ˆâ–ˆâ–ˆâ–ˆâ–ˆâ–ˆâ–‹   | 24/36 [03:27<01:45,  8.79s/files][A[A[A[A[A[A[A[A[A[A[A[A[A[A[A[A[A[A








Downloading data:  83%|â–ˆâ–ˆâ–ˆâ–ˆâ–ˆâ–ˆâ–ˆâ–ˆâ–Ž | 30/36 [03:27<00:40,  6.82s/files][A[A[A[A[A[A[A[A[A










Downloading data:  78%|â–ˆâ–ˆâ–ˆâ–ˆâ–ˆâ–ˆâ–ˆâ–Š  | 28/36 [03:27<00:58,  7.37s/files][A[A[A[A[A[A[A[A[A[A[A














Downloading data:  75%|â–ˆâ–ˆâ–ˆâ–ˆâ–ˆâ–ˆâ–ˆâ–Œ  | 27/36 [03:26<01:07,  7.47s/files][A[A[A[A[A[A[A[A[A[A[A[A[A[A[A

Downloading data:  78%|â–ˆâ–ˆâ–ˆâ–ˆâ–ˆâ–ˆâ–ˆâ–Š  | 28/36 [03:27<00:58,  7.30s/files][A[A



Downloading data:  72%|â–ˆâ–ˆâ–ˆâ–ˆâ–ˆâ–ˆâ–ˆâ–  | 26/36 [03:28<01:19,  7.90s/files][A[A[A[A









Downloading data:  81%|â–ˆâ–ˆâ–ˆâ–ˆâ–ˆâ–ˆâ–ˆâ–ˆ  | 29/36 [03:28<00:51,  7.37s/files][A[A[A[A[A[A[A[A[A[A


Downloading data:  75%|â–ˆâ–ˆâ–ˆâ–ˆâ–ˆâ–ˆâ–ˆâ–Œ  | 27/36 [03:28<01:08,  7.62s/files][A[A[A


















 ... (more hidden) ...[A[A[A[A[A[A[A[A[A[A[A[A[A[A[A[A[A[A[ADownloading data: 100%|â–ˆâ–ˆâ–ˆâ–ˆâ–ˆâ–ˆâ–ˆâ–ˆâ–ˆâ–ˆ| 36/36 [03:30<00:00,  5.84s/files]












Downloading data:  75%|â–ˆâ–ˆâ–ˆâ–ˆâ–ˆâ–ˆâ–ˆâ–Œ  | 27/36 [03:30<01:09,  7.67s/files][A[A[A[A[A[A[A[A[A[A[A[A




Downloading data:  75%|â–ˆâ–ˆâ–ˆâ–ˆâ–ˆâ–ˆâ–ˆâ–Œ  | 27/36 [03:29<01:07,  7.46s/files][A[A[A[A[A







Downloading data:  86%|â–ˆâ–ˆâ–ˆâ–ˆâ–ˆâ–ˆâ–ˆâ–ˆâ–Œ | 31/36 [03:31<00:36,  7.24s/files][A[A[A[A[A[A[A[A















Downloading data:  78%|â–ˆâ–ˆâ–ˆâ–ˆâ–ˆâ–ˆâ–ˆâ–Š  | 28/36 [03:31<00:59,  7.42s/files][A[A[A[A[A[A[A[A[A[A[A[A[A[A[A[A






Downloading data:  69%|â–ˆâ–ˆâ–ˆâ–ˆâ–ˆâ–ˆâ–‰   | 25/36 [03:32<01:30,  8.21s/files][A[A[A[A[A[A[A
















Downloading data:  78%|â–ˆâ–ˆâ–ˆâ–ˆâ–ˆâ–ˆâ–ˆâ–Š  | 28/36 [03:31<00:58,  7.32s/files][A[A[A[A[A[A[A[A[A[A[A[A[A[A[A[A[A













Downloading data:  72%|â–ˆâ–ˆâ–ˆâ–ˆâ–ˆâ–ˆâ–ˆâ–  | 26/36 [03:30<01:16,  7.66s/files][A[A[A[A[A[A[A[A[A[A[A[A[A[A





Downloading data:  78%|â–ˆâ–ˆâ–ˆâ–ˆâ–ˆâ–ˆâ–ˆâ–Š  | 28/36 [03:32<01:03,  7.92s/files][A[A[A[A[A[A












Downloading data:  75%|â–ˆâ–ˆâ–ˆâ–ˆâ–ˆâ–ˆâ–ˆâ–Œ  | 27/36 [03:33<01:10,  7.89s/files][A[A[A[A[A[A[A[A[A[A[A[A[A








Downloading data:  86%|â–ˆâ–ˆâ–ˆâ–ˆâ–ˆâ–ˆâ–ˆâ–ˆâ–Œ | 31/36 [03:34<00:34,  6.84s/files][A[A[A[A[A[A[A[A[A










Downloading data:  81%|â–ˆâ–ˆâ–ˆâ–ˆâ–ˆâ–ˆâ–ˆâ–ˆ  | 29/36 [03:35<00:51,  7.39s/files][A[A[A[A[A[A[A[A[A[A[A














Downloading data:  78%|â–ˆâ–ˆâ–ˆâ–ˆâ–ˆâ–ˆâ–ˆâ–Š  | 28/36 [03:34<00:59,  7.41s/files][A[A[A[A[A[A[A[A[A[A[A[A[A[A[A

















Downloading data:  69%|â–ˆâ–ˆâ–ˆâ–ˆâ–ˆâ–ˆâ–‰   | 25/36 [03:35<01:36,  8.75s/files][A[A[A[A[A[A[A[A[A[A[A[A[A[A[A[A[A[A

Downloading data:  81%|â–ˆâ–ˆâ–ˆâ–ˆâ–ˆâ–ˆâ–ˆâ–ˆ  | 29/36 [03:34<00:50,  7.27s/files][A[A









Downloading data:  83%|â–ˆâ–ˆâ–ˆâ–ˆâ–ˆâ–ˆâ–ˆâ–ˆâ–Ž | 30/36 [03:35<00:44,  7.35s/files][A[A[A[A[A[A[A[A[A[A



Downloading data:  75%|â–ˆâ–ˆâ–ˆâ–ˆâ–ˆâ–ˆâ–ˆâ–Œ  | 27/36 [03:36<01:10,  7.84s/files][A[A[A[A


Downloading data:  78%|â–ˆâ–ˆâ–ˆâ–ˆâ–ˆâ–ˆâ–ˆâ–Š  | 28/36 [03:35<01:00,  7.57s/files][A[A[A







Downloading data:  89%|â–ˆâ–ˆâ–ˆâ–ˆâ–ˆâ–ˆâ–ˆâ–ˆâ–‰ | 32/36 [03:37<00:27,  6.99s/files][A[A[A[A[A[A[A[A




Downloading data:  78%|â–ˆâ–ˆâ–ˆâ–ˆâ–ˆâ–ˆâ–ˆâ–Š  | 28/36 [03:37<00:59,  7.48s/files][A[A[A[A[A











Downloading data:  78%|â–ˆâ–ˆâ–ˆâ–ˆâ–ˆâ–ˆâ–ˆâ–Š  | 28/36 [03:38<01:02,  7.78s/files][A[A[A[A[A[A[A[A[A[A[A[A















Downloading data:  81%|â–ˆâ–ˆâ–ˆâ–ˆâ–ˆâ–ˆâ–ˆâ–ˆ  | 29/36 [03:39<00:51,  7.37s/files][A[A[A[A[A[A[A[A[A[A[A[A[A[A[A[A
















Downloading data:  81%|â–ˆâ–ˆâ–ˆâ–ˆâ–ˆâ–ˆâ–ˆâ–ˆ  | 29/36 [03:38<00:51,  7.31s/files][A[A[A[A[A[A[A[A[A[A[A[A[A[A[A[A[A













Downloading data:  75%|â–ˆâ–ˆâ–ˆâ–ˆâ–ˆâ–ˆâ–ˆâ–Œ  | 27/36 [03:38<01:08,  7.59s/files][A[A[A[A[A[A[A[A[A[A[A[A[A[A






Downloading data:  72%|â–ˆâ–ˆâ–ˆâ–ˆâ–ˆâ–ˆâ–ˆâ–  | 26/36 [03:40<01:21,  8.18s/files][A[A[A[A[A[A[A












Downloading data:  78%|â–ˆâ–ˆâ–ˆâ–ˆâ–ˆâ–ˆâ–ˆâ–Š  | 28/36 [03:40<01:02,  7.81s/files][A[A[A[A[A[A[A[A[A[A[A[A[A








Downloading data:  89%|â–ˆâ–ˆâ–ˆâ–ˆâ–ˆâ–ˆâ–ˆâ–ˆâ–‰ | 32/36 [03:41<00:27,  6.79s/files][A[A[A[A[A[A[A[A[A





Downloading data:  81%|â–ˆâ–ˆâ–ˆâ–ˆâ–ˆâ–ˆâ–ˆâ–ˆ  | 29/36 [03:41<00:56,  8.11s/files][A[A[A[A[A[A










Downloading data:  83%|â–ˆâ–ˆâ–ˆâ–ˆâ–ˆâ–ˆâ–ˆâ–ˆâ–Ž | 30/36 [03:42<00:44,  7.36s/files][A[A[A[A[A[A[A[A[A[A[A

Downloading data:  83%|â–ˆâ–ˆâ–ˆâ–ˆâ–ˆâ–ˆâ–ˆâ–ˆâ–Ž | 30/36 [03:41<00:43,  7.20s/files][A[A














Downloading data:  81%|â–ˆâ–ˆâ–ˆâ–ˆâ–ˆâ–ˆâ–ˆâ–ˆ  | 29/36 [03:41<00:51,  7.39s/files][A[A[A[A[A[A[A[A[A[A[A[A[A[A[A









Downloading data:  86%|â–ˆâ–ˆâ–ˆâ–ˆâ–ˆâ–ˆâ–ˆâ–ˆâ–Œ | 31/36 [03:43<00:37,  7.46s/files][A[A[A[A[A[A[A[A[A[A

















Downloading data:  72%|â–ˆâ–ˆâ–ˆâ–ˆâ–ˆâ–ˆâ–ˆâ–  | 26/36 [03:44<01:26,  8.64s/files][A[A[A[A[A[A[A[A[A[A[A[A[A[A[A[A[A[A



Downloading data:  78%|â–ˆâ–ˆâ–ˆâ–ˆâ–ˆâ–ˆâ–ˆâ–Š  | 28/36 [03:44<01:03,  7.88s/files][A[A[A[A


Downloading data:  81%|â–ˆâ–ˆâ–ˆâ–ˆâ–ˆâ–ˆâ–ˆâ–ˆ  | 29/36 [03:43<00:52,  7.52s/files][A[A[A







Downloading data:  92%|â–ˆâ–ˆâ–ˆâ–ˆâ–ˆâ–ˆâ–ˆâ–ˆâ–ˆâ–| 33/36 [03:45<00:21,  7.04s/files][A[A[A[A[A[A[A[A















Downloading data:  83%|â–ˆâ–ˆâ–ˆâ–ˆâ–ˆâ–ˆâ–ˆâ–ˆâ–Ž | 30/36 [03:46<00:43,  7.32s/files][A[A[A[A[A[A[A[A[A[A[A[A[A[A[A[A




Downloading data:  81%|â–ˆâ–ˆâ–ˆâ–ˆâ–ˆâ–ˆâ–ˆâ–ˆ  | 29/36 [03:44<00:52,  7.50s/files][A[A[A[A[A











Downloading data:  81%|â–ˆâ–ˆâ–ˆâ–ˆâ–ˆâ–ˆâ–ˆâ–ˆ  | 29/36 [03:46<00:54,  7.80s/files][A[A[A[A[A[A[A[A[A[A[A[A
















Downloading data:  83%|â–ˆâ–ˆâ–ˆâ–ˆâ–ˆâ–ˆâ–ˆâ–ˆâ–Ž | 30/36 [03:46<00:43,  7.33s/files][A[A[A[A[A[A[A[A[A[A[A[A[A[A[A[A[A






Downloading data:  75%|â–ˆâ–ˆâ–ˆâ–ˆâ–ˆâ–ˆâ–ˆâ–Œ  | 27/36 [03:48<01:12,  8.08s/files][A[A[A[A[A[A[A













Downloading data:  78%|â–ˆâ–ˆâ–ˆâ–ˆâ–ˆâ–ˆâ–ˆâ–Š  | 28/36 [03:46<01:01,  7.74s/files][A[A[A[A[A[A[A[A[A[A[A[A[A[A








Downloading data:  92%|â–ˆâ–ˆâ–ˆâ–ˆâ–ˆâ–ˆâ–ˆâ–ˆâ–ˆâ–| 33/36 [03:48<00:20,  6.96s/files][A[A[A[A[A[A[A[A[A












Downloading data:  81%|â–ˆâ–ˆâ–ˆâ–ˆâ–ˆâ–ˆâ–ˆâ–ˆ  | 29/36 [03:48<00:54,  7.78s/files][A[A[A[A[A[A[A[A[A[A[A[A[A

Downloading data:  86%|â–ˆâ–ˆâ–ˆâ–ˆâ–ˆâ–ˆâ–ˆâ–ˆâ–Œ | 31/36 [03:48<00:35,  7.15s/files][A[A





Downloading data:  83%|â–ˆâ–ˆâ–ˆâ–ˆâ–ˆâ–ˆâ–ˆâ–ˆâ–Ž | 30/36 [03:49<00:49,  8.17s/files][A[A[A[A[A[A










Downloading data:  86%|â–ˆâ–ˆâ–ˆâ–ˆâ–ˆâ–ˆâ–ˆâ–ˆâ–Œ | 31/36 [03:50<00:36,  7.39s/files][A[A[A[A[A[A[A[A[A[A[A














Downloading data:  83%|â–ˆâ–ˆâ–ˆâ–ˆâ–ˆâ–ˆâ–ˆâ–ˆâ–Ž | 30/36 [03:48<00:44,  7.41s/files][A[A[A[A[A[A[A[A[A[A[A[A[A[A[A









Downloading data:  89%|â–ˆâ–ˆâ–ˆâ–ˆâ–ˆâ–ˆâ–ˆâ–ˆâ–‰ | 32/36 [03:50<00:29,  7.37s/files][A[A[A[A[A[A[A[A[A[A


Downloading data:  83%|â–ˆâ–ˆâ–ˆâ–ˆâ–ˆâ–ˆâ–ˆâ–ˆâ–Ž | 30/36 [03:50<00:45,  7.52s/files][A[A[A



Downloading data:  81%|â–ˆâ–ˆâ–ˆâ–ˆâ–ˆâ–ˆâ–ˆâ–ˆ  | 29/36 [03:52<00:55,  7.90s/files][A[A[A[A







Downloading data:  94%|â–ˆâ–ˆâ–ˆâ–ˆâ–ˆâ–ˆâ–ˆâ–ˆâ–ˆâ–| 34/36 [03:52<00:14,  7.14s/files][A[A[A[A[A[A[A[A

















Downloading data:  75%|â–ˆâ–ˆâ–ˆâ–ˆâ–ˆâ–ˆâ–ˆâ–Œ  | 27/36 [03:52<01:17,  8.62s/files][A[A[A[A[A[A[A[A[A[A[A[A[A[A[A[A[A[A




Downloading data:  83%|â–ˆâ–ˆâ–ˆâ–ˆâ–ˆâ–ˆâ–ˆâ–ˆâ–Ž | 30/36 [03:51<00:44,  7.38s/files][A[A[A[A[A















Downloading data:  86%|â–ˆâ–ˆâ–ˆâ–ˆâ–ˆâ–ˆâ–ˆâ–ˆâ–Œ | 31/36 [03:53<00:36,  7.37s/files][A[A[A[A[A[A[A[A[A[A[A[A[A[A[A[A
















Downloading data:  86%|â–ˆâ–ˆâ–ˆâ–ˆâ–ˆâ–ˆâ–ˆâ–ˆâ–Œ | 31/36 [03:53<00:36,  7.31s/files][A[A[A[A[A[A[A[A[A[A[A[A[A[A[A[A[A











Downloading data:  83%|â–ˆâ–ˆâ–ˆâ–ˆâ–ˆâ–ˆâ–ˆâ–ˆâ–Ž | 30/36 [03:54<00:46,  7.76s/files][A[A[A[A[A[A[A[A[A[A[A[A








Downloading data:  94%|â–ˆâ–ˆâ–ˆâ–ˆâ–ˆâ–ˆâ–ˆâ–ˆâ–ˆâ–| 34/36 [03:55<00:13,  6.93s/files][A[A[A[A[A[A[A[A[A













Downloading data:  81%|â–ˆâ–ˆâ–ˆâ–ˆâ–ˆâ–ˆâ–ˆâ–ˆ  | 29/36 [03:53<00:53,  7.66s/files][A[A[A[A[A[A[A[A[A[A[A[A[A[A






Downloading data:  78%|â–ˆâ–ˆâ–ˆâ–ˆâ–ˆâ–ˆâ–ˆâ–Š  | 28/36 [03:55<01:04,  8.05s/files][A[A[A[A[A[A[A












Downloading data:  83%|â–ˆâ–ˆâ–ˆâ–ˆâ–ˆâ–ˆâ–ˆâ–ˆâ–Ž | 30/36 [03:56<00:46,  7.79s/files][A[A[A[A[A[A[A[A[A[A[A[A[A

Downloading data:  89%|â–ˆâ–ˆâ–ˆâ–ˆâ–ˆâ–ˆâ–ˆâ–ˆâ–‰ | 32/36 [03:56<00:29,  7.33s/files][A[A














Downloading data:  86%|â–ˆâ–ˆâ–ˆâ–ˆâ–ˆâ–ˆâ–ˆâ–ˆâ–Œ | 31/36 [03:56<00:37,  7.44s/files][A[A[A[A[A[A[A[A[A[A[A[A[A[A[A





Downloading data:  86%|â–ˆâ–ˆâ–ˆâ–ˆâ–ˆâ–ˆâ–ˆâ–ˆâ–Œ | 31/36 [03:57<00:40,  8.16s/files][A[A[A[A[A[A









Downloading data:  92%|â–ˆâ–ˆâ–ˆâ–ˆâ–ˆâ–ˆâ–ˆâ–ˆâ–ˆâ–| 33/36 [03:57<00:21,  7.30s/files][A[A[A[A[A[A[A[A[A[A










Downloading data:  89%|â–ˆâ–ˆâ–ˆâ–ˆâ–ˆâ–ˆâ–ˆâ–ˆâ–‰ | 32/36 [03:58<00:30,  7.63s/files][A[A[A[A[A[A[A[A[A[A[A







Downloading data:  97%|â–ˆâ–ˆâ–ˆâ–ˆâ–ˆâ–ˆâ–ˆâ–ˆâ–ˆâ–‹| 35/36 [03:59<00:06,  6.96s/files][A[A[A[A[A[A[A[A


Downloading data:  86%|â–ˆâ–ˆâ–ˆâ–ˆâ–ˆâ–ˆâ–ˆâ–ˆâ–Œ | 31/36 [03:58<00:37,  7.51s/files][A[A[A



Downloading data:  83%|â–ˆâ–ˆâ–ˆâ–ˆâ–ˆâ–ˆâ–ˆâ–ˆâ–Ž | 30/36 [03:59<00:47,  7.87s/files][A[A[A[A




Downloading data:  86%|â–ˆâ–ˆâ–ˆâ–ˆâ–ˆâ–ˆâ–ˆâ–ˆâ–Œ | 31/36 [03:59<00:36,  7.34s/files][A[A[A[A[A















Downloading data:  89%|â–ˆâ–ˆâ–ˆâ–ˆâ–ˆâ–ˆâ–ˆâ–ˆâ–‰ | 32/36 [04:01<00:29,  7.38s/files][A[A[A[A[A[A[A[A[A[A[A[A[A[A[A[A
















Downloading data:  89%|â–ˆâ–ˆâ–ˆâ–ˆâ–ˆâ–ˆâ–ˆâ–ˆâ–‰ | 32/36 [04:00<00:28,  7.22s/files][A[A[A[A[A[A[A[A[A[A[A[A[A[A[A[A[A

















Downloading data:  78%|â–ˆâ–ˆâ–ˆâ–ˆâ–ˆâ–ˆâ–ˆâ–Š  | 28/36 [04:01<01:09,  8.66s/files][A[A[A[A[A[A[A[A[A[A[A[A[A[A[A[A[A[A











Downloading data:  86%|â–ˆâ–ˆâ–ˆâ–ˆâ–ˆâ–ˆâ–ˆâ–ˆâ–Œ | 31/36 [04:02<00:39,  7.89s/files][A[A[A[A[A[A[A[A[A[A[A[A








Downloading data:  97%|â–ˆâ–ˆâ–ˆâ–ˆâ–ˆâ–ˆâ–ˆâ–ˆâ–ˆâ–‹| 35/36 [04:02<00:07,  7.10s/files][A[A[A[A[A[A[A[A[A













Downloading data:  83%|â–ˆâ–ˆâ–ˆâ–ˆâ–ˆâ–ˆâ–ˆâ–ˆâ–Ž | 30/36 [04:01<00:46,  7.68s/files][A[A[A[A[A[A[A[A[A[A[A[A[A[A






Downloading data:  81%|â–ˆâ–ˆâ–ˆâ–ˆâ–ˆâ–ˆâ–ˆâ–ˆ  | 29/36 [04:04<00:57,  8.18s/files][A[A[A[A[A[A[A

Downloading data:  92%|â–ˆâ–ˆâ–ˆâ–ˆâ–ˆâ–ˆâ–ˆâ–ˆâ–ˆâ–| 33/36 [04:03<00:21,  7.29s/files][A[A












Downloading data:  86%|â–ˆâ–ˆâ–ˆâ–ˆâ–ˆâ–ˆâ–ˆâ–ˆâ–Œ | 31/36 [04:04<00:39,  7.84s/files][A[A[A[A[A[A[A[A[A[A[A[A[A














Downloading data:  89%|â–ˆâ–ˆâ–ˆâ–ˆâ–ˆâ–ˆâ–ˆâ–ˆâ–‰ | 32/36 [04:04<00:30,  7.52s/files][A[A[A[A[A[A[A[A[A[A[A[A[A[A[A









Downloading data:  94%|â–ˆâ–ˆâ–ˆâ–ˆâ–ˆâ–ˆâ–ˆâ–ˆâ–ˆâ–| 34/36 [04:05<00:14,  7.34s/files][A[A[A[A[A[A[A[A[A[A







Downloading data: 100%|â–ˆâ–ˆâ–ˆâ–ˆâ–ˆâ–ˆâ–ˆâ–ˆâ–ˆâ–ˆ| 36/36 [04:05<00:00,  6.86s/files][A[A[A[A[A[A[A[ADownloading data: 100%|â–ˆâ–ˆâ–ˆâ–ˆâ–ˆâ–ˆâ–ˆâ–ˆâ–ˆâ–ˆ| 36/36 [04:05<00:00,  6.82s/files]











Downloading data:  92%|â–ˆâ–ˆâ–ˆâ–ˆâ–ˆâ–ˆâ–ˆâ–ˆâ–ˆâ–| 33/36 [04:05<00:22,  7.57s/files][A[A[A[A[A[A[A[A[A[A[A





Downloading data:  89%|â–ˆâ–ˆâ–ˆâ–ˆâ–ˆâ–ˆâ–ˆâ–ˆâ–‰ | 32/36 [04:06<00:32,  8.19s/files][A[A[A[A[A[A


Downloading data:  89%|â–ˆâ–ˆâ–ˆâ–ˆâ–ˆâ–ˆâ–ˆâ–ˆâ–‰ | 32/36 [04:05<00:30,  7.50s/files][A[A[A




Downloading data:  89%|â–ˆâ–ˆâ–ˆâ–ˆâ–ˆâ–ˆâ–ˆâ–ˆâ–‰ | 32/36 [04:06<00:29,  7.33s/files][A[A[A[A[A
















Downloading data:  92%|â–ˆâ–ˆâ–ˆâ–ˆâ–ˆâ–ˆâ–ˆâ–ˆâ–ˆâ–| 33/36 [04:07<00:21,  7.17s/files][A[A[A[A[A[A[A[A[A[A[A[A[A[A[A[A[A



Downloading data:  86%|â–ˆâ–ˆâ–ˆâ–ˆâ–ˆâ–ˆâ–ˆâ–ˆâ–Œ | 31/36 [04:07<00:39,  7.93s/files][A[A[A[A















Downloading data:  92%|â–ˆâ–ˆâ–ˆâ–ˆâ–ˆâ–ˆâ–ˆâ–ˆâ–ˆâ–| 33/36 [04:08<00:22,  7.35s/files][A[A[A[A[A[A[A[A[A[A[A[A[A[A[A[A








Downloading data: 100%|â–ˆâ–ˆâ–ˆâ–ˆâ–ˆâ–ˆâ–ˆâ–ˆâ–ˆâ–ˆ| 36/36 [04:09<00:00,  6.98s/files][A[A[A[A[A[A[A[A[ADownloading data: 100%|â–ˆâ–ˆâ–ˆâ–ˆâ–ˆâ–ˆâ–ˆâ–ˆâ–ˆâ–ˆ| 36/36 [04:09<00:00,  6.93s/files]


















Downloading data:  81%|â–ˆâ–ˆâ–ˆâ–ˆâ–ˆâ–ˆâ–ˆâ–ˆ  | 29/36 [04:10<01:01,  8.82s/files][A[A[A[A[A[A[A[A[A[A[A[A[A[A[A[A[A[A













Downloading data:  86%|â–ˆâ–ˆâ–ˆâ–ˆâ–ˆâ–ˆâ–ˆâ–ˆâ–Œ | 31/36 [04:09<00:38,  7.66s/files][A[A[A[A[A[A[A[A[A[A[A[A[A[A











Downloading data:  89%|â–ˆâ–ˆâ–ˆâ–ˆâ–ˆâ–ˆâ–ˆâ–ˆâ–‰ | 32/36 [04:11<00:32,  8.09s/files][A[A[A[A[A[A[A[A[A[A[A[A

Downloading data:  94%|â–ˆâ–ˆâ–ˆâ–ˆâ–ˆâ–ˆâ–ˆâ–ˆâ–ˆâ–| 34/36 [04:10<00:14,  7.25s/files][A[A






Downloading data:  83%|â–ˆâ–ˆâ–ˆâ–ˆâ–ˆâ–ˆâ–ˆâ–ˆâ–Ž | 30/36 [04:12<00:47,  8.00s/files][A[A[A[A[A[A[A









Downloading data:  97%|â–ˆâ–ˆâ–ˆâ–ˆâ–ˆâ–ˆâ–ˆâ–ˆâ–ˆâ–‹| 35/36 [04:12<00:07,  7.27s/files][A[A[A[A[A[A[A[A[A[A












Downloading data:  89%|â–ˆâ–ˆâ–ˆâ–ˆâ–ˆâ–ˆâ–ˆâ–ˆâ–‰ | 32/36 [04:12<00:31,  7.90s/files][A[A[A[A[A[A[A[A[A[A[A[A[A














Downloading data:  92%|â–ˆâ–ˆâ–ˆâ–ˆâ–ˆâ–ˆâ–ˆâ–ˆâ–ˆâ–| 33/36 [04:11<00:22,  7.48s/files][A[A[A[A[A[A[A[A[A[A[A[A[A[A[A










Downloading data:  94%|â–ˆâ–ˆâ–ˆâ–ˆâ–ˆâ–ˆâ–ˆâ–ˆâ–ˆâ–| 34/36 [04:14<00:15,  7.78s/files][A[A[A[A[A[A[A[A[A[A[A





Downloading data:  92%|â–ˆâ–ˆâ–ˆâ–ˆâ–ˆâ–ˆâ–ˆâ–ˆâ–ˆâ–| 33/36 [04:14<00:24,  8.20s/files][A[A[A[A[A[A


Downloading data:  92%|â–ˆâ–ˆâ–ˆâ–ˆâ–ˆâ–ˆâ–ˆâ–ˆâ–ˆâ–| 33/36 [04:13<00:22,  7.53s/files][A[A[A




Downloading data:  92%|â–ˆâ–ˆâ–ˆâ–ˆâ–ˆâ–ˆâ–ˆâ–ˆâ–ˆâ–| 33/36 [04:13<00:21,  7.32s/files][A[A[A[A[A















Downloading data:  94%|â–ˆâ–ˆâ–ˆâ–ˆâ–ˆâ–ˆâ–ˆâ–ˆâ–ˆâ–| 34/36 [04:15<00:14,  7.30s/files][A[A[A[A[A[A[A[A[A[A[A[A[A[A[A[A
















Downloading data:  94%|â–ˆâ–ˆâ–ˆâ–ˆâ–ˆâ–ˆâ–ˆâ–ˆâ–ˆâ–| 34/36 [04:15<00:14,  7.35s/files][A[A[A[A[A[A[A[A[A[A[A[A[A[A[A[A[A



Downloading data:  89%|â–ˆâ–ˆâ–ˆâ–ˆâ–ˆâ–ˆâ–ˆâ–ˆâ–‰ | 32/36 [04:15<00:31,  7.90s/files][A[A[A[A













Downloading data:  89%|â–ˆâ–ˆâ–ˆâ–ˆâ–ˆâ–ˆâ–ˆâ–ˆâ–‰ | 32/36 [04:16<00:30,  7.60s/files][A[A[A[A[A[A[A[A[A[A[A[A[A[A











Downloading data:  92%|â–ˆâ–ˆâ–ˆâ–ˆâ–ˆâ–ˆâ–ˆâ–ˆâ–ˆâ–| 33/36 [04:18<00:23,  7.89s/files][A[A[A[A[A[A[A[A[A[A[A[A

Downloading data:  97%|â–ˆâ–ˆâ–ˆâ–ˆâ–ˆâ–ˆâ–ˆâ–ˆâ–ˆâ–‹| 35/36 [04:17<00:07,  7.19s/files][A[A






Downloading data:  86%|â–ˆâ–ˆâ–ˆâ–ˆâ–ˆâ–ˆâ–ˆâ–ˆâ–Œ | 31/36 [04:18<00:38,  7.65s/files][A[A[A[A[A[A[A

















Downloading data:  83%|â–ˆâ–ˆâ–ˆâ–ˆâ–ˆâ–ˆâ–ˆâ–ˆâ–Ž | 30/36 [04:19<00:53,  8.85s/files][A[A[A[A[A[A[A[A[A[A[A[A[A[A[A[A[A[A









Downloading data: 100%|â–ˆâ–ˆâ–ˆâ–ˆâ–ˆâ–ˆâ–ˆâ–ˆâ–ˆâ–ˆ| 36/36 [04:20<00:00,  7.36s/files][A[A[A[A[A[A[A[A[A[ADownloading data: 100%|â–ˆâ–ˆâ–ˆâ–ˆâ–ˆâ–ˆâ–ˆâ–ˆâ–ˆâ–ˆ| 36/36 [04:20<00:00,  7.22s/files]















Downloading data:  94%|â–ˆâ–ˆâ–ˆâ–ˆâ–ˆâ–ˆâ–ˆâ–ˆâ–ˆâ–| 34/36 [04:19<00:15,  7.57s/files][A[A[A[A[A[A[A[A[A[A[A[A[A[A[A












Downloading data:  92%|â–ˆâ–ˆâ–ˆâ–ˆâ–ˆâ–ˆâ–ˆâ–ˆâ–ˆâ–| 33/36 [04:20<00:23,  7.95s/files][A[A[A[A[A[A[A[A[A[A[A[A[A










Downloading data:  97%|â–ˆâ–ˆâ–ˆâ–ˆâ–ˆâ–ˆâ–ˆâ–ˆâ–ˆâ–‹| 35/36 [04:21<00:07,  7.75s/files][A[A[A[A[A[A[A[A[A[A[A


Downloading data:  94%|â–ˆâ–ˆâ–ˆâ–ˆâ–ˆâ–ˆâ–ˆâ–ˆâ–ˆâ–| 34/36 [04:21<00:15,  7.69s/files][A[A[A





Downloading data:  94%|â–ˆâ–ˆâ–ˆâ–ˆâ–ˆâ–ˆâ–ˆâ–ˆâ–ˆâ–| 34/36 [04:22<00:16,  8.21s/files][A[A[A[A[A[A















Downloading data:  97%|â–ˆâ–ˆâ–ˆâ–ˆâ–ˆâ–ˆâ–ˆâ–ˆâ–ˆâ–‹| 35/36 [04:23<00:07,  7.32s/files][A[A[A[A[A[A[A[A[A[A[A[A[A[A[A[A




Downloading data:  94%|â–ˆâ–ˆâ–ˆâ–ˆâ–ˆâ–ˆâ–ˆâ–ˆâ–ˆâ–| 34/36 [04:21<00:14,  7.49s/files][A[A[A[A[A
















Downloading data:  97%|â–ˆâ–ˆâ–ˆâ–ˆâ–ˆâ–ˆâ–ˆâ–ˆâ–ˆâ–‹| 35/36 [04:23<00:07,  7.54s/files][A[A[A[A[A[A[A[A[A[A[A[A[A[A[A[A[A



Downloading data:  92%|â–ˆâ–ˆâ–ˆâ–ˆâ–ˆâ–ˆâ–ˆâ–ˆâ–ˆâ–| 33/36 [04:24<00:24,  8.03s/files][A[A[A[A






Downloading data:  89%|â–ˆâ–ˆâ–ˆâ–ˆâ–ˆâ–ˆâ–ˆâ–ˆâ–‰ | 32/36 [04:25<00:29,  7.36s/files][A[A[A[A[A[A[A













Downloading data:  92%|â–ˆâ–ˆâ–ˆâ–ˆâ–ˆâ–ˆâ–ˆâ–ˆâ–ˆâ–| 33/36 [04:24<00:22,  7.54s/files][A[A[A[A[A[A[A[A[A[A[A[A[A[A

Downloading data: 100%|â–ˆâ–ˆâ–ˆâ–ˆâ–ˆâ–ˆâ–ˆâ–ˆâ–ˆâ–ˆ| 36/36 [04:24<00:00,  7.20s/files][A[ADownloading data: 100%|â–ˆâ–ˆâ–ˆâ–ˆâ–ˆâ–ˆâ–ˆâ–ˆâ–ˆâ–ˆ| 36/36 [04:24<00:00,  7.36s/files]












Downloading data:  94%|â–ˆâ–ˆâ–ˆâ–ˆâ–ˆâ–ˆâ–ˆâ–ˆâ–ˆâ–| 34/36 [04:26<00:15,  7.92s/files][A[A[A[A[A[A[A[A[A[A[A[A

















Downloading data:  86%|â–ˆâ–ˆâ–ˆâ–ˆâ–ˆâ–ˆâ–ˆâ–ˆâ–Œ | 31/36 [04:28<00:44,  8.87s/files][A[A[A[A[A[A[A[A[A[A[A[A[A[A[A[A[A[A












Downloading data:  94%|â–ˆâ–ˆâ–ˆâ–ˆâ–ˆâ–ˆâ–ˆâ–ˆâ–ˆâ–| 34/36 [04:28<00:15,  7.96s/files][A[A[A[A[A[A[A[A[A[A[A[A[A










Downloading data: 100%|â–ˆâ–ˆâ–ˆâ–ˆâ–ˆâ–ˆâ–ˆâ–ˆâ–ˆâ–ˆ| 36/36 [04:29<00:00,  7.64s/files][A[A[A[A[A[A[A[A[A[A[ADownloading data: 100%|â–ˆâ–ˆâ–ˆâ–ˆâ–ˆâ–ˆâ–ˆâ–ˆâ–ˆâ–ˆ| 36/36 [04:29<00:00,  7.48s/files]
















Downloading data: 100%|â–ˆâ–ˆâ–ˆâ–ˆâ–ˆâ–ˆâ–ˆâ–ˆâ–ˆâ–ˆ| 36/36 [04:30<00:00,  7.26s/files][A[A[A[A[A[A[A[A[A[A[A[A[A[A[A[ADownloading data: 100%|â–ˆâ–ˆâ–ˆâ–ˆâ–ˆâ–ˆâ–ˆâ–ˆâ–ˆâ–ˆ| 36/36 [04:30<00:00,  7.51s/files]



Downloading data:  97%|â–ˆâ–ˆâ–ˆâ–ˆâ–ˆâ–ˆâ–ˆâ–ˆâ–ˆâ–‹| 35/36 [04:29<00:07,  7.64s/files][A[A[A




Downloading data:  97%|â–ˆâ–ˆâ–ˆâ–ˆâ–ˆâ–ˆâ–ˆâ–ˆâ–ˆâ–‹| 35/36 [04:29<00:07,  7.47s/files][A[A[A[A[A





Downloading data:  97%|â–ˆâ–ˆâ–ˆâ–ˆâ–ˆâ–ˆâ–ˆâ–ˆâ–ˆâ–‹| 35/36 [04:30<00:08,  8.23s/files][A[A[A[A[A[A














Downloading data:  97%|â–ˆâ–ˆâ–ˆâ–ˆâ–ˆâ–ˆâ–ˆâ–ˆâ–ˆâ–‹| 35/36 [04:29<00:08,  8.41s/files][A[A[A[A[A[A[A[A[A[A[A[A[A[A[A






Downloading data:  92%|â–ˆâ–ˆâ–ˆâ–ˆâ–ˆâ–ˆâ–ˆâ–ˆâ–ˆâ–| 33/36 [04:31<00:21,  7.07s/files][A[A[A[A[A[A[A



Downloading data:  94%|â–ˆâ–ˆâ–ˆâ–ˆâ–ˆâ–ˆâ–ˆâ–ˆâ–ˆâ–| 34/36 [04:32<00:15,  7.99s/files][A[A[A[A
















Downloading data: 100%|â–ˆâ–ˆâ–ˆâ–ˆâ–ˆâ–ˆâ–ˆâ–ˆâ–ˆâ–ˆ| 36/36 [04:32<00:00,  7.98s/files][A[A[A[A[A[A[A[A[A[A[A[A[A[A[A[A[ADownloading data: 100%|â–ˆâ–ˆâ–ˆâ–ˆâ–ˆâ–ˆâ–ˆâ–ˆâ–ˆâ–ˆ| 36/36 [04:32<00:00,  7.57s/files]














Downloading data:  94%|â–ˆâ–ˆâ–ˆâ–ˆâ–ˆâ–ˆâ–ˆâ–ˆâ–ˆâ–| 34/36 [04:31<00:14,  7.44s/files][A[A[A[A[A[A[A[A[A[A[A[A[A[A











Downloading data:  97%|â–ˆâ–ˆâ–ˆâ–ˆâ–ˆâ–ˆâ–ˆâ–ˆâ–ˆâ–‹| 35/36 [04:34<00:07,  7.89s/files][A[A[A[A[A[A[A[A[A[A[A[A












Downloading data:  97%|â–ˆâ–ˆâ–ˆâ–ˆâ–ˆâ–ˆâ–ˆâ–ˆâ–ˆâ–‹| 35/36 [04:35<00:07,  7.83s/files][A[A[A[A[A[A[A[A[A[A[A[A[A

















Downloading data:  89%|â–ˆâ–ˆâ–ˆâ–ˆâ–ˆâ–ˆâ–ˆâ–ˆâ–‰ | 32/36 [04:37<00:35,  8.79s/files][A[A[A[A[A[A[A[A[A[A[A[A[A[A[A[A[A[A


Downloading data: 100%|â–ˆâ–ˆâ–ˆâ–ˆâ–ˆâ–ˆâ–ˆâ–ˆâ–ˆâ–ˆ| 36/36 [04:36<00:00,  7.61s/files][A[A[ADownloading data: 100%|â–ˆâ–ˆâ–ˆâ–ˆâ–ˆâ–ˆâ–ˆâ–ˆâ–ˆâ–ˆ| 36/36 [04:36<00:00,  7.68s/files]





Downloading data: 100%|â–ˆâ–ˆâ–ˆâ–ˆâ–ˆâ–ˆâ–ˆâ–ˆâ–ˆâ–ˆ| 36/36 [04:37<00:00,  7.61s/files][A[A[A[A[ADownloading data: 100%|â–ˆâ–ˆâ–ˆâ–ˆâ–ˆâ–ˆâ–ˆâ–ˆâ–ˆâ–ˆ| 36/36 [04:37<00:00,  7.69s/files]















Downloading data: 100%|â–ˆâ–ˆâ–ˆâ–ˆâ–ˆâ–ˆâ–ˆâ–ˆâ–ˆâ–ˆ| 36/36 [04:37<00:00,  8.17s/files][A[A[A[A[A[A[A[A[A[A[A[A[A[A[ADownloading data: 100%|â–ˆâ–ˆâ–ˆâ–ˆâ–ˆâ–ˆâ–ˆâ–ˆâ–ˆâ–ˆ| 36/36 [04:37<00:00,  7.70s/files]







Downloading data:  94%|â–ˆâ–ˆâ–ˆâ–ˆâ–ˆâ–ˆâ–ˆâ–ˆâ–ˆâ–| 34/36 [04:39<00:14,  7.13s/files][A[A[A[A[A[A[A



Downloading data:  97%|â–ˆâ–ˆâ–ˆâ–ˆâ–ˆâ–ˆâ–ˆâ–ˆâ–ˆâ–‹| 35/36 [04:39<00:07,  7.93s/files][A[A[A[A













Downloading data:  97%|â–ˆâ–ˆâ–ˆâ–ˆâ–ˆâ–ˆâ–ˆâ–ˆâ–ˆâ–‹| 35/36 [04:38<00:07,  7.38s/files][A[A[A[A[A[A[A[A[A[A[A[A[A[A





Downloading data: 100%|â–ˆâ–ˆâ–ˆâ–ˆâ–ˆâ–ˆâ–ˆâ–ˆâ–ˆâ–ˆ| 36/36 [04:40<00:00,  8.59s/files][A[A[A[A[A[ADownloading data: 100%|â–ˆâ–ˆâ–ˆâ–ˆâ–ˆâ–ˆâ–ˆâ–ˆâ–ˆâ–ˆ| 36/36 [04:40<00:00,  7.79s/files]












Downloading data: 100%|â–ˆâ–ˆâ–ˆâ–ˆâ–ˆâ–ˆâ–ˆâ–ˆâ–ˆâ–ˆ| 36/36 [04:41<00:00,  7.82s/files][A[A[A[A[A[A[A[A[A[A[A[ADownloading data: 100%|â–ˆâ–ˆâ–ˆâ–ˆâ–ˆâ–ˆâ–ˆâ–ˆâ–ˆâ–ˆ| 36/36 [04:41<00:00,  7.83s/files]













Downloading data: 100%|â–ˆâ–ˆâ–ˆâ–ˆâ–ˆâ–ˆâ–ˆâ–ˆâ–ˆâ–ˆ| 36/36 [04:43<00:00,  7.88s/files][A[A[A[A[A[A[A[A[A[A[A[A[ADownloading data: 100%|â–ˆâ–ˆâ–ˆâ–ˆâ–ˆâ–ˆâ–ˆâ–ˆâ–ˆâ–ˆ| 36/36 [04:43<00:00,  7.89s/files]







Downloading data:  97%|â–ˆâ–ˆâ–ˆâ–ˆâ–ˆâ–ˆâ–ˆâ–ˆâ–ˆâ–‹| 35/36 [04:45<00:06,  6.92s/files][A[A[A[A[A[A[A

















Downloading data:  92%|â–ˆâ–ˆâ–ˆâ–ˆâ–ˆâ–ˆâ–ˆâ–ˆâ–ˆâ–| 33/36 [04:46<00:26,  8.92s/files][A[A[A[A[A[A[A[A[A[A[A[A[A[A[A[A[A[A













Downloading data: 100%|â–ˆâ–ˆâ–ˆâ–ˆâ–ˆâ–ˆâ–ˆâ–ˆâ–ˆâ–ˆ| 36/36 [04:45<00:00,  7.26s/files][A[A[A[A[A[A[A[A[A[A[A[A[A[ADownloading data: 100%|â–ˆâ–ˆâ–ˆâ–ˆâ–ˆâ–ˆâ–ˆâ–ˆâ–ˆâ–ˆ| 36/36 [04:45<00:00,  7.93s/files]




Downloading data: 100%|â–ˆâ–ˆâ–ˆâ–ˆâ–ˆâ–ˆâ–ˆâ–ˆâ–ˆâ–ˆ| 36/36 [04:47<00:00,  7.97s/files][A[A[A[ADownloading data: 100%|â–ˆâ–ˆâ–ˆâ–ˆâ–ˆâ–ˆâ–ˆâ–ˆâ–ˆâ–ˆ| 36/36 [04:47<00:00,  8.00s/files]







Downloading data: 100%|â–ˆâ–ˆâ–ˆâ–ˆâ–ˆâ–ˆâ–ˆâ–ˆâ–ˆâ–ˆ| 36/36 [04:52<00:00,  6.89s/files][A[A[A[A[A[A[ADownloading data: 100%|â–ˆâ–ˆâ–ˆâ–ˆâ–ˆâ–ˆâ–ˆâ–ˆâ–ˆâ–ˆ| 36/36 [04:52<00:00,  8.12s/files]


















Downloading data:  94%|â–ˆâ–ˆâ–ˆâ–ˆâ–ˆâ–ˆâ–ˆâ–ˆâ–ˆâ–| 34/36 [04:55<00:17,  8.90s/files][A[A[A[A[A[A[A[A[A[A[A[A[A[A[A[A[A[A

















Downloading data:  97%|â–ˆâ–ˆâ–ˆâ–ˆâ–ˆâ–ˆâ–ˆâ–ˆâ–ˆâ–‹| 35/36 [05:04<00:08,  8.89s/files][A[A[A[A[A[A[A[A[A[A[A[A[A[A[A[A[A[A

















Downloading data: 100%|â–ˆâ–ˆâ–ˆâ–ˆâ–ˆâ–ˆâ–ˆâ–ˆâ–ˆâ–ˆ| 36/36 [05:13<00:00,  9.02s/files][A[A[A[A[A[A[A[A[A[A[A[A[A[A[A[A[A[ADownloading data: 100%|â–ˆâ–ˆâ–ˆâ–ˆâ–ˆâ–ˆâ–ˆâ–ˆâ–ˆâ–ˆ| 36/36 [05:13<00:00,  8.71s/files]
multiprocessing.pool.RemoteTraceback: 
"""
Traceback (most recent call last):
  File "/conda/miniconda3/lib/python3.11/site-packages/urllib3/connectionpool.py", line 467, in _make_request
    six.raise_from(e, None)
  File "<string>", line 3, in raise_from
  File "/conda/miniconda3/lib/python3.11/site-packages/urllib3/connectionpool.py", line 462, in _make_request
    httplib_response = conn.getresponse()
                       ^^^^^^^^^^^^^^^^^^
  File "/conda/miniconda3/lib/python3.11/http/client.py", line 1378, in getresponse
    response.begin()
  File "/conda/miniconda3/lib/python3.11/http/client.py", line 318, in begin
    version, status, reason = self._read_status()
                              ^^^^^^^^^^^^^^^^^^^
  File "/conda/miniconda3/lib/python3.11/http/client.py", line 279, in _read_status
    line = str(self.fp.readline(_MAXLINE + 1), "iso-8859-1")
               ^^^^^^^^^^^^^^^^^^^^^^^^^^^^^^
  File "/conda/miniconda3/lib/python3.11/socket.py", line 706, in readinto
    return self._sock.recv_into(b)
           ^^^^^^^^^^^^^^^^^^^^^^^
  File "/conda/miniconda3/lib/python3.11/ssl.py", line 1311, in recv_into
    return self.read(nbytes, buffer)
           ^^^^^^^^^^^^^^^^^^^^^^^^^
  File "/conda/miniconda3/lib/python3.11/ssl.py", line 1167, in read
    return self._sslobj.read(len, buffer)
           ^^^^^^^^^^^^^^^^^^^^^^^^^^^^^^
TimeoutError: The read operation timed out

During handling of the above exception, another exception occurred:

Traceback (most recent call last):
  File "/nird/home/nikolare/.local/lib/python3.11/site-packages/requests/adapters.py", line 667, in send
    resp = conn.urlopen(
           ^^^^^^^^^^^^^
  File "/conda/miniconda3/lib/python3.11/site-packages/urllib3/connectionpool.py", line 799, in urlopen
    retries = retries.increment(
              ^^^^^^^^^^^^^^^^^^
  File "/conda/miniconda3/lib/python3.11/site-packages/urllib3/util/retry.py", line 550, in increment
    raise six.reraise(type(error), error, _stacktrace)
          ^^^^^^^^^^^^^^^^^^^^^^^^^^^^^^^^^^^^^^^^^^^^
  File "/conda/miniconda3/lib/python3.11/site-packages/urllib3/packages/six.py", line 770, in reraise
    raise value
  File "/conda/miniconda3/lib/python3.11/site-packages/urllib3/connectionpool.py", line 715, in urlopen
    httplib_response = self._make_request(
                       ^^^^^^^^^^^^^^^^^^^
  File "/conda/miniconda3/lib/python3.11/site-packages/urllib3/connectionpool.py", line 469, in _make_request
    self._raise_timeout(err=e, url=url, timeout_value=read_timeout)
  File "/conda/miniconda3/lib/python3.11/site-packages/urllib3/connectionpool.py", line 358, in _raise_timeout
    raise ReadTimeoutError(
urllib3.exceptions.ReadTimeoutError: HTTPSConnectionPool(host='huggingface.co', port=443): Read timed out. (read timeout=10)

During handling of the above exception, another exception occurred:

Traceback (most recent call last):
  File "/nird/home/nikolare/.local/lib/python3.11/site-packages/huggingface_hub/file_download.py", line 1376, in _get_metadata_or_catch_error
    metadata = get_hf_file_metadata(
               ^^^^^^^^^^^^^^^^^^^^^
  File "/nird/home/nikolare/.local/lib/python3.11/site-packages/huggingface_hub/utils/_validators.py", line 114, in _inner_fn
    return fn(*args, **kwargs)
           ^^^^^^^^^^^^^^^^^^^
  File "/nird/home/nikolare/.local/lib/python3.11/site-packages/huggingface_hub/file_download.py", line 1296, in get_hf_file_metadata
    r = _request_wrapper(
        ^^^^^^^^^^^^^^^^^
  File "/nird/home/nikolare/.local/lib/python3.11/site-packages/huggingface_hub/file_download.py", line 277, in _request_wrapper
    response = _request_wrapper(
               ^^^^^^^^^^^^^^^^^
  File "/nird/home/nikolare/.local/lib/python3.11/site-packages/huggingface_hub/file_download.py", line 300, in _request_wrapper
    response = get_session().request(method=method, url=url, **params)
               ^^^^^^^^^^^^^^^^^^^^^^^^^^^^^^^^^^^^^^^^^^^^^^^^^^^^^^^
  File "/nird/home/nikolare/.local/lib/python3.11/site-packages/requests/sessions.py", line 589, in request
    resp = self.send(prep, **send_kwargs)
           ^^^^^^^^^^^^^^^^^^^^^^^^^^^^^^
  File "/nird/home/nikolare/.local/lib/python3.11/site-packages/requests/sessions.py", line 703, in send
    r = adapter.send(request, **kwargs)
        ^^^^^^^^^^^^^^^^^^^^^^^^^^^^^^^
  File "/nird/home/nikolare/.local/lib/python3.11/site-packages/huggingface_hub/utils/_http.py", line 93, in send
    return super().send(request, *args, **kwargs)
           ^^^^^^^^^^^^^^^^^^^^^^^^^^^^^^^^^^^^^^
  File "/nird/home/nikolare/.local/lib/python3.11/site-packages/requests/adapters.py", line 713, in send
    raise ReadTimeout(e, request=request)
requests.exceptions.ReadTimeout: (ReadTimeoutError("HTTPSConnectionPool(host='huggingface.co', port=443): Read timed out. (read timeout=10)"), '(Request ID: 44bcb62b-41b6-4a1a-b691-bb29150cb4ab)')

The above exception was the direct cause of the following exception:

Traceback (most recent call last):
  File "/nird/home/nikolare/.local/lib/python3.11/site-packages/datasets/utils/file_utils.py", line 188, in cached_path
    ).hf_hub_download(
      ^^^^^^^^^^^^^^^^
  File "/nird/home/nikolare/.local/lib/python3.11/site-packages/huggingface_hub/utils/_validators.py", line 114, in _inner_fn
    return fn(*args, **kwargs)
           ^^^^^^^^^^^^^^^^^^^
  File "/nird/home/nikolare/.local/lib/python3.11/site-packages/huggingface_hub/hf_api.py", line 5637, in hf_hub_download
    return hf_hub_download(
           ^^^^^^^^^^^^^^^^
  File "/nird/home/nikolare/.local/lib/python3.11/site-packages/huggingface_hub/utils/_validators.py", line 114, in _inner_fn
    return fn(*args, **kwargs)
           ^^^^^^^^^^^^^^^^^^^
  File "/nird/home/nikolare/.local/lib/python3.11/site-packages/huggingface_hub/file_download.py", line 862, in hf_hub_download
    return _hf_hub_download_to_cache_dir(
           ^^^^^^^^^^^^^^^^^^^^^^^^^^^^^^
  File "/nird/home/nikolare/.local/lib/python3.11/site-packages/huggingface_hub/file_download.py", line 969, in _hf_hub_download_to_cache_dir
    _raise_on_head_call_error(head_call_error, force_download, local_files_only)
  File "/nird/home/nikolare/.local/lib/python3.11/site-packages/huggingface_hub/file_download.py", line 1487, in _raise_on_head_call_error
    raise LocalEntryNotFoundError(
huggingface_hub.errors.LocalEntryNotFoundError: An error happened while trying to locate the file on the Hub and we cannot find the requested files in the local cache. Please check your connection and try again or make sure your Internet connection is on.

The above exception was the direct cause of the following exception:

Traceback (most recent call last):
  File "/conda/miniconda3/lib/python3.11/multiprocessing/pool.py", line 125, in worker
    result = (True, func(*args, **kwds))
                    ^^^^^^^^^^^^^^^^^^^
  File "/conda/miniconda3/lib/python3.11/multiprocessing/pool.py", line 48, in mapstar
    return list(map(*args))
           ^^^^^^^^^^^^^^^^
  File "/nird/home/nikolare/.local/lib/python3.11/site-packages/datasets/utils/py_utils.py", line 399, in _single_map_nested
    mapped = [_single_map_nested((function, v, batched, batch_size, types, None, True, None)) for v in pbar]
             ^^^^^^^^^^^^^^^^^^^^^^^^^^^^^^^^^^^^^^^^^^^^^^^^^^^^^^^^^^^^^^^^^^^^^^^^^^^^^^^^^^^^^^^^^^^^^^^
  File "/nird/home/nikolare/.local/lib/python3.11/site-packages/datasets/utils/py_utils.py", line 399, in <listcomp>
    mapped = [_single_map_nested((function, v, batched, batch_size, types, None, True, None)) for v in pbar]
              ^^^^^^^^^^^^^^^^^^^^^^^^^^^^^^^^^^^^^^^^^^^^^^^^^^^^^^^^^^^^^^^^^^^^^^^^^^^^^^^
  File "/nird/home/nikolare/.local/lib/python3.11/site-packages/datasets/utils/py_utils.py", line 380, in _single_map_nested
    return [mapped_item for batch in iter_batched(data_struct, batch_size) for mapped_item in function(batch)]
           ^^^^^^^^^^^^^^^^^^^^^^^^^^^^^^^^^^^^^^^^^^^^^^^^^^^^^^^^^^^^^^^^^^^^^^^^^^^^^^^^^^^^^^^^^^^^^^^^^^^
  File "/nird/home/nikolare/.local/lib/python3.11/site-packages/datasets/utils/py_utils.py", line 380, in <listcomp>
    return [mapped_item for batch in iter_batched(data_struct, batch_size) for mapped_item in function(batch)]
                                                                                              ^^^^^^^^^^^^^^^
  File "/nird/home/nikolare/.local/lib/python3.11/site-packages/datasets/download/download_manager.py", line 202, in _download_batched
    return thread_map(
           ^^^^^^^^^^^
  File "/nird/home/nikolare/.local/lib/python3.11/site-packages/tqdm/contrib/concurrent.py", line 69, in thread_map
    return _executor_map(ThreadPoolExecutor, fn, *iterables, **tqdm_kwargs)
           ^^^^^^^^^^^^^^^^^^^^^^^^^^^^^^^^^^^^^^^^^^^^^^^^^^^^^^^^^^^^^^^^
  File "/nird/home/nikolare/.local/lib/python3.11/site-packages/tqdm/contrib/concurrent.py", line 51, in _executor_map
    return list(tqdm_class(ex.map(fn, *iterables, chunksize=chunksize), **kwargs))
           ^^^^^^^^^^^^^^^^^^^^^^^^^^^^^^^^^^^^^^^^^^^^^^^^^^^^^^^^^^^^^^^^^^^^^^^
  File "/nird/home/nikolare/.local/lib/python3.11/site-packages/tqdm/std.py", line 1181, in __iter__
    for obj in iterable:
  File "/conda/miniconda3/lib/python3.11/concurrent/futures/_base.py", line 619, in result_iterator
    yield _result_or_cancel(fs.pop())
          ^^^^^^^^^^^^^^^^^^^^^^^^^^^
  File "/conda/miniconda3/lib/python3.11/concurrent/futures/_base.py", line 317, in _result_or_cancel
    return fut.result(timeout)
           ^^^^^^^^^^^^^^^^^^^
  File "/conda/miniconda3/lib/python3.11/concurrent/futures/_base.py", line 456, in result
    return self.__get_result()
           ^^^^^^^^^^^^^^^^^^^
  File "/conda/miniconda3/lib/python3.11/concurrent/futures/_base.py", line 401, in __get_result
    raise self._exception
  File "/conda/miniconda3/lib/python3.11/concurrent/futures/thread.py", line 58, in run
    result = self.fn(*self.args, **self.kwargs)
             ^^^^^^^^^^^^^^^^^^^^^^^^^^^^^^^^^^
  File "/nird/home/nikolare/.local/lib/python3.11/site-packages/datasets/download/download_manager.py", line 225, in _download_single
    out = cached_path(url_or_filename, download_config=download_config)
          ^^^^^^^^^^^^^^^^^^^^^^^^^^^^^^^^^^^^^^^^^^^^^^^^^^^^^^^^^^^^^
  File "/nird/home/nikolare/.local/lib/python3.11/site-packages/datasets/utils/file_utils.py", line 202, in cached_path
    raise FileNotFoundError(str(e)) from e
FileNotFoundError: An error happened while trying to locate the file on the Hub and we cannot find the requested files in the local cache. Please check your connection and try again or make sure your Internet connection is on.
"""

The above exception was the direct cause of the following exception:

Traceback (most recent call last):
  File "/nird/datalake/NS8112K/two/code/warc2text-runner/hf_upload/hf_size.py", line 19, in <module>
    Fire(size)
  File "/nird/home/nikolare/.local/lib/python3.11/site-packages/fire/core.py", line 135, in Fire
    component_trace = _Fire(component, args, parsed_flag_args, context, name)
                      ^^^^^^^^^^^^^^^^^^^^^^^^^^^^^^^^^^^^^^^^^^^^^^^^^^^^^^^
  File "/nird/home/nikolare/.local/lib/python3.11/site-packages/fire/core.py", line 468, in _Fire
    component, remaining_args = _CallAndUpdateTrace(
                                ^^^^^^^^^^^^^^^^^^^^
  File "/nird/home/nikolare/.local/lib/python3.11/site-packages/fire/core.py", line 684, in _CallAndUpdateTrace
    component = fn(*varargs, **kwargs)
                ^^^^^^^^^^^^^^^^^^^^^^
  File "/nird/datalake/NS8112K/two/code/warc2text-runner/hf_upload/hf_size.py", line 9, in size
    ds = datasets.load_dataset(ds,config, cache_dir=cache_dir, num_proc=num_proc)
         ^^^^^^^^^^^^^^^^^^^^^^^^^^^^^^^^^^^^^^^^^^^^^^^^^^^^^^^^^^^^^^^^^^^^^^^^
  File "/nird/home/nikolare/.local/lib/python3.11/site-packages/datasets/load.py", line 2096, in load_dataset
    builder_instance.download_and_prepare(
  File "/nird/home/nikolare/.local/lib/python3.11/site-packages/datasets/builder.py", line 924, in download_and_prepare
    self._download_and_prepare(
  File "/nird/home/nikolare/.local/lib/python3.11/site-packages/datasets/builder.py", line 977, in _download_and_prepare
    split_generators = self._split_generators(dl_manager, **split_generators_kwargs)
                       ^^^^^^^^^^^^^^^^^^^^^^^^^^^^^^^^^^^^^^^^^^^^^^^^^^^^^^^^^^^^^
  File "/nird/home/nikolare/.local/lib/python3.11/site-packages/datasets/packaged_modules/parquet/parquet.py", line 47, in _split_generators
    data_files = dl_manager.download_and_extract(self.config.data_files)
                 ^^^^^^^^^^^^^^^^^^^^^^^^^^^^^^^^^^^^^^^^^^^^^^^^^^^^^^^
  File "/nird/home/nikolare/.local/lib/python3.11/site-packages/datasets/download/download_manager.py", line 322, in download_and_extract
    return self.extract(self.download(url_or_urls))
                        ^^^^^^^^^^^^^^^^^^^^^^^^^^
  File "/nird/home/nikolare/.local/lib/python3.11/site-packages/datasets/download/download_manager.py", line 159, in download
    downloaded_path_or_paths = map_nested(
                               ^^^^^^^^^^^
  File "/nird/home/nikolare/.local/lib/python3.11/site-packages/datasets/utils/py_utils.py", line 494, in map_nested
    mapped = [
             ^
  File "/nird/home/nikolare/.local/lib/python3.11/site-packages/datasets/utils/py_utils.py", line 495, in <listcomp>
    map_nested(
  File "/nird/home/nikolare/.local/lib/python3.11/site-packages/datasets/utils/py_utils.py", line 528, in map_nested
    mapped = parallel_map(
             ^^^^^^^^^^^^^
  File "/nird/home/nikolare/.local/lib/python3.11/site-packages/datasets/utils/experimental.py", line 41, in _inner_fn
    return fn(*args, **kwargs)
           ^^^^^^^^^^^^^^^^^^^
  File "/nird/home/nikolare/.local/lib/python3.11/site-packages/datasets/parallel/parallel.py", line 34, in parallel_map
    return _map_with_multiprocessing_pool(
           ^^^^^^^^^^^^^^^^^^^^^^^^^^^^^^^
  File "/nird/home/nikolare/.local/lib/python3.11/site-packages/datasets/parallel/parallel.py", line 69, in _map_with_multiprocessing_pool
    mapped = pool.map(single_map_nested_func, split_kwds)
             ^^^^^^^^^^^^^^^^^^^^^^^^^^^^^^^^^^^^^^^^^^^^
  File "/conda/miniconda3/lib/python3.11/multiprocessing/pool.py", line 367, in map
    return self._map_async(func, iterable, mapstar, chunksize).get()
           ^^^^^^^^^^^^^^^^^^^^^^^^^^^^^^^^^^^^^^^^^^^^^^^^^^^^^^^^^
  File "/conda/miniconda3/lib/python3.11/multiprocessing/pool.py", line 774, in get
    raise self._value
FileNotFoundError: An error happened while trying to locate the file on the Hub and we cannot find the requested files in the local cache. Please check your connection and try again or make sure your Internet connection is on.
